{"D:\\projects\\grabphim\\grabphim-mobile\\src\\app.js": {"path":"D:\\projects\\grabphim\\grabphim-mobile\\src\\app.js","statementMap":{"0":{"start":{"line":1,"column":13},"end":{"line":1,"column":75}},"1":{"start":{"line":1,"column":75},"end":{"line":21,"column":22}},"2":{"start":{"line":21,"column":33},"end":{"line":21,"column":47}},"3":{"start":{"line":21,"column":60},"end":{"line":21,"column":88}},"4":{"start":{"line":21,"column":103},"end":{"line":21,"column":132}},"5":{"start":{"line":21,"column":148},"end":{"line":21,"column":179}},"6":{"start":{"line":21,"column":202},"end":{"line":21,"column":229}},"7":{"start":{"line":21,"column":230},"end":{"line":21,"column":254}},"8":{"start":{"line":21,"column":254},"end":{"line":21,"column":275}},"9":{"start":{"line":21,"column":275},"end":{"line":21,"column":305}},"10":{"start":{"line":21,"column":305},"end":{"line":21,"column":333}},"11":{"start":{"line":21,"column":333},"end":{"line":21,"column":362}},"12":{"start":{"line":21,"column":362},"end":{"line":21,"column":395}},"13":{"start":{"line":21,"column":395},"end":{"line":21,"column":421}},"14":{"start":{"line":21,"column":421},"end":{"line":21,"column":454}},"15":{"start":{"line":21,"column":467},"end":{"line":21,"column":485}},"16":{"start":{"line":21,"column":500},"end":{"line":21,"column":519}},"17":{"start":{"line":21,"column":535},"end":{"line":21,"column":555}},"18":{"start":{"line":21,"column":594},"end":{"line":21,"column":648}},"19":{"start":{"line":22,"column":0},"end":{"line":22,"column":25}},"20":{"start":{"line":22,"column":69},"end":{"line":22,"column":94}},"21":{"start":{"line":23,"column":15},"end":{"line":23,"column":42}},"22":{"start":{"line":25,"column":2},"end":{"line":25,"column":43}},"23":{"start":{"line":26,"column":12},"end":{"line":26,"column":145}},"24":{"start":{"line":26,"column":114},"end":{"line":26,"column":141}},"25":{"start":{"line":28,"column":2},"end":{"line":28,"column":52}}},"fnMap":{"0":{"name":"_interopRequireDefault","decl":{"start":{"line":21,"column":565},"end":{"line":21,"column":587}},"loc":{"start":{"line":21,"column":593},"end":{"line":21,"column":649}},"line":21},"1":{"name":"createApp","decl":{"start":{"line":22,"column":34},"end":{"line":22,"column":43}},"loc":{"start":{"line":22,"column":56},"end":{"line":29,"column":1}},"line":22},"2":{"name":"render","decl":{"start":{"line":26,"column":103},"end":{"line":26,"column":109}},"loc":{"start":{"line":26,"column":113},"end":{"line":26,"column":142}},"line":26}},"branchMap":{"0":{"loc":{"start":{"line":21,"column":601},"end":{"line":21,"column":647}},"type":"cond-expr","locations":[{"start":{"line":21,"column":625},"end":{"line":21,"column":628}},{"start":{"line":21,"column":631},"end":{"line":21,"column":647}}],"line":21},"1":{"loc":{"start":{"line":21,"column":601},"end":{"line":21,"column":622}},"type":"binary-expr","locations":[{"start":{"line":21,"column":601},"end":{"line":21,"column":604}},{"start":{"line":21,"column":608},"end":{"line":21,"column":622}}],"line":21}},"s":{"0":0,"1":0,"2":0,"3":0,"4":0,"5":0,"6":0,"7":0,"8":0,"9":0,"10":0,"11":0,"12":0,"13":0,"14":0,"15":0,"16":0,"17":0,"18":0,"19":0,"20":0,"21":0,"22":0,"23":0,"24":0,"25":0},"f":{"0":0,"1":0,"2":0},"b":{"0":[0,0],"1":[0,0]}}
,"D:\\projects\\grabphim\\grabphim-mobile\\src\\entry-client.js": {"path":"D:\\projects\\grabphim\\grabphim-mobile\\src\\entry-client.js","statementMap":{"0":{"start":{"line":1,"column":13},"end":{"line":1,"column":39}},"1":{"start":{"line":2,"column":0},"end":{"line":2,"column":28}},"2":{"start":{"line":3,"column":11},"end":{"line":3,"column":27}},"3":{"start":{"line":4,"column":12},"end":{"line":4,"column":47}},"4":{"start":{"line":4,"column":61},"end":{"line":4,"column":90}},"5":{"start":{"line":5,"column":17},"end":{"line":5,"column":57}},"6":{"start":{"line":5,"column":76},"end":{"line":5,"column":110}},"7":{"start":{"line":5,"column":149},"end":{"line":5,"column":203}},"8":{"start":{"line":7,"column":0},"end":{"line":7,"column":21}},"9":{"start":{"line":7,"column":28},"end":{"line":7,"column":42}},"10":{"start":{"line":7,"column":52},"end":{"line":7,"column":69}},"11":{"start":{"line":7,"column":78},"end":{"line":7,"column":94}},"12":{"start":{"line":9,"column":0},"end":{"line":13,"column":3}},"13":{"start":{"line":10,"column":2},"end":{"line":10,"column":88}},"14":{"start":{"line":11,"column":2},"end":{"line":11,"column":93}},"15":{"start":{"line":12,"column":2},"end":{"line":12,"column":21}}},"fnMap":{"0":{"name":"_interopRequireDefault","decl":{"start":{"line":5,"column":120},"end":{"line":5,"column":142}},"loc":{"start":{"line":5,"column":148},"end":{"line":5,"column":204}},"line":5},"1":{"name":"(anonymous_1)","decl":{"start":{"line":9,"column":15},"end":{"line":9,"column":16}},"loc":{"start":{"line":9,"column":27},"end":{"line":13,"column":1}},"line":9}},"branchMap":{"0":{"loc":{"start":{"line":5,"column":156},"end":{"line":5,"column":202}},"type":"cond-expr","locations":[{"start":{"line":5,"column":180},"end":{"line":5,"column":183}},{"start":{"line":5,"column":186},"end":{"line":5,"column":202}}],"line":5},"1":{"loc":{"start":{"line":5,"column":156},"end":{"line":5,"column":177}},"type":"binary-expr","locations":[{"start":{"line":5,"column":156},"end":{"line":5,"column":159}},{"start":{"line":5,"column":163},"end":{"line":5,"column":177}}],"line":5}},"s":{"0":0,"1":0,"2":0,"3":0,"4":0,"5":0,"6":0,"7":0,"8":0,"9":0,"10":0,"11":0,"12":0,"13":0,"14":0,"15":0},"f":{"0":0,"1":0},"b":{"0":[0,0],"1":[0,0]}}
,"D:\\projects\\grabphim\\grabphim-mobile\\src\\entry-server.js": {"path":"D:\\projects\\grabphim\\grabphim-mobile\\src\\entry-server.js","statementMap":{"0":{"start":{"line":1,"column":13},"end":{"line":1,"column":75}},"1":{"start":{"line":1,"column":86},"end":{"line":1,"column":102}},"2":{"start":{"line":3,"column":12},"end":{"line":3,"column":49}},"3":{"start":{"line":3,"column":50},"end":{"line":31,"column":2}},"4":{"start":{"line":6,"column":2},"end":{"line":30,"column":5}},"5":{"start":{"line":7,"column":4},"end":{"line":7,"column":32}},"6":{"start":{"line":7,"column":39},"end":{"line":7,"column":53}},"7":{"start":{"line":7,"column":63},"end":{"line":7,"column":80}},"8":{"start":{"line":7,"column":89},"end":{"line":7,"column":105}},"9":{"start":{"line":9,"column":4},"end":{"line":9,"column":31}},"10":{"start":{"line":10,"column":4},"end":{"line":10,"column":29}},"11":{"start":{"line":12,"column":4},"end":{"line":29,"column":15}},"12":{"start":{"line":13,"column":14},"end":{"line":13,"column":33}},"13":{"start":{"line":14,"column":20},"end":{"line":14,"column":49}},"14":{"start":{"line":16,"column":6},"end":{"line":18,"column":7}},"15":{"start":{"line":17,"column":8},"end":{"line":17,"column":30}},"16":{"start":{"line":20,"column":6},"end":{"line":28,"column":23}},"17":{"start":{"line":21,"column":8},"end":{"line":23,"column":9}},"18":{"start":{"line":22,"column":10},"end":{"line":22,"column":94}},"19":{"start":{"line":25,"column":8},"end":{"line":25,"column":75}},"20":{"start":{"line":26,"column":8},"end":{"line":26,"column":36}},"21":{"start":{"line":27,"column":8},"end":{"line":27,"column":21}}},"fnMap":{"0":{"name":"(anonymous_0)","decl":{"start":{"line":5,"column":0},"end":{"line":5,"column":1}},"loc":{"start":{"line":5,"column":19},"end":{"line":31,"column":1}},"line":5},"1":{"name":"(anonymous_1)","decl":{"start":{"line":6,"column":21},"end":{"line":6,"column":22}},"loc":{"start":{"line":6,"column":48},"end":{"line":30,"column":3}},"line":6},"2":{"name":"(anonymous_2)","decl":{"start":{"line":12,"column":19},"end":{"line":12,"column":20}},"loc":{"start":{"line":12,"column":31},"end":{"line":29,"column":5}},"line":12},"3":{"name":"(anonymous_3)","decl":{"start":{"line":20,"column":30},"end":{"line":20,"column":31}},"loc":{"start":{"line":20,"column":43},"end":{"line":24,"column":7}},"line":20},"4":{"name":"(anonymous_4)","decl":{"start":{"line":24,"column":15},"end":{"line":24,"column":16}},"loc":{"start":{"line":24,"column":27},"end":{"line":28,"column":7}},"line":24}},"branchMap":{"0":{"loc":{"start":{"line":13,"column":14},"end":{"line":13,"column":33}},"type":"binary-expr","locations":[{"start":{"line":13,"column":14},"end":{"line":13,"column":19}},{"start":{"line":13,"column":23},"end":{"line":13,"column":33}}],"line":13},"1":{"loc":{"start":{"line":16,"column":6},"end":{"line":18,"column":7}},"type":"if","locations":[{"start":{"line":16,"column":6},"end":{"line":18,"column":7}},{"start":{"line":16,"column":6},"end":{"line":18,"column":7}}],"line":16},"2":{"loc":{"start":{"line":21,"column":8},"end":{"line":23,"column":9}},"type":"if","locations":[{"start":{"line":21,"column":8},"end":{"line":23,"column":9}},{"start":{"line":21,"column":8},"end":{"line":23,"column":9}}],"line":21},"3":{"loc":{"start":{"line":25,"column":8},"end":{"line":25,"column":74}},"type":"binary-expr","locations":[{"start":{"line":25,"column":8},"end":{"line":25,"column":13}},{"start":{"line":25,"column":17},"end":{"line":25,"column":74}}],"line":25}},"s":{"0":0,"1":0,"2":0,"3":0,"4":0,"5":0,"6":0,"7":0,"8":0,"9":0,"10":0,"11":0,"12":0,"13":0,"14":0,"15":0,"16":0,"17":0,"18":0,"19":0,"20":0,"21":0},"f":{"0":0,"1":0,"2":0,"3":0,"4":0},"b":{"0":[0,0],"1":[0,0],"2":[0,0],"3":[0,0]}}
,"D:\\projects\\grabphim\\grabphim-mobile\\src\\api\\address.js": {"path":"D:\\projects\\grabphim\\grabphim-mobile\\src\\api\\address.js","statementMap":{"0":{"start":{"line":1,"column":13},"end":{"line":1,"column":75}},"1":{"start":{"line":1,"column":75},"end":{"line":1,"column":103}},"2":{"start":{"line":1,"column":118},"end":{"line":1,"column":349}},"3":{"start":{"line":1,"column":154},"end":{"line":1,"column":334}},"4":{"start":{"line":1,"column":211},"end":{"line":1,"column":223}},"5":{"start":{"line":1,"column":224},"end":{"line":1,"column":333}},"6":{"start":{"line":1,"column":249},"end":{"line":1,"column":332}},"7":{"start":{"line":1,"column":305},"end":{"line":1,"column":331}},"8":{"start":{"line":1,"column":334},"end":{"line":1,"column":348}},"9":{"start":{"line":1,"column":366},"end":{"line":1,"column":387}},"10":{"start":{"line":3,"column":14},"end":{"line":69,"column":74}},"11":{"start":{"line":61,"column":23},"end":{"line":69,"column":70}}},"fnMap":{"0":{"name":"(anonymous_0)","decl":{"start":{"line":1,"column":135},"end":{"line":1,"column":136}},"loc":{"start":{"line":1,"column":153},"end":{"line":1,"column":349}},"line":1},"1":{"name":"(anonymous_1)","decl":{"start":{"line":61,"column":6},"end":{"line":61,"column":7}},"loc":{"start":{"line":61,"column":22},"end":{"line":69,"column":71}},"line":61}},"branchMap":{"0":{"loc":{"start":{"line":1,"column":118},"end":{"line":1,"column":349}},"type":"binary-expr","locations":[{"start":{"line":1,"column":118},"end":{"line":1,"column":131}},{"start":{"line":1,"column":135},"end":{"line":1,"column":349}}],"line":1},"1":{"loc":{"start":{"line":1,"column":249},"end":{"line":1,"column":332}},"type":"if","locations":[{"start":{"line":1,"column":249},"end":{"line":1,"column":332}},{"start":{"line":1,"column":249},"end":{"line":1,"column":332}}],"line":1}},"s":{"0":0,"1":0,"2":0,"3":0,"4":0,"5":0,"6":0,"7":0,"8":0,"9":0,"10":0,"11":0},"f":{"0":0,"1":0},"b":{"0":[0,0],"1":[0,0]}}
,"D:\\projects\\grabphim\\grabphim-mobile\\src\\api\\auth.js": {"path":"D:\\projects\\grabphim\\grabphim-mobile\\src\\api\\auth.js","statementMap":{"0":{"start":{"line":1,"column":13},"end":{"line":1,"column":75}},"1":{"start":{"line":1,"column":86},"end":{"line":7,"column":1}}},"fnMap":{},"branchMap":{},"s":{"0":0,"1":0},"f":{},"b":{}}
,"D:\\projects\\grabphim\\grabphim-mobile\\src\\api\\banner.js": {"path":"D:\\projects\\grabphim\\grabphim-mobile\\src\\api\\banner.js","statementMap":{"0":{"start":{"line":1,"column":13},"end":{"line":1,"column":75}},"1":{"start":{"line":1,"column":88},"end":{"line":1,"column":136}},"2":{"start":{"line":3,"column":13},"end":{"line":18,"column":98}}},"fnMap":{},"branchMap":{},"s":{"0":0,"1":0,"2":0},"f":{},"b":{}}
,"D:\\projects\\grabphim\\grabphim-mobile\\src\\api\\cart.js": {"path":"D:\\projects\\grabphim\\grabphim-mobile\\src\\api\\cart.js","statementMap":{"0":{"start":{"line":1,"column":13},"end":{"line":1,"column":75}},"1":{"start":{"line":1,"column":86},"end":{"line":32,"column":5}}},"fnMap":{},"branchMap":{},"s":{"0":0,"1":0},"f":{},"b":{}}
,"D:\\projects\\grabphim\\grabphim-mobile\\src\\api\\categories.js": {"path":"D:\\projects\\grabphim\\grabphim-mobile\\src\\api\\categories.js","statementMap":{"0":{"start":{"line":1,"column":13},"end":{"line":1,"column":75}},"1":{"start":{"line":1,"column":92},"end":{"line":61,"column":113}}},"fnMap":{},"branchMap":{},"s":{"0":0,"1":0},"f":{},"b":{}}
,"D:\\projects\\grabphim\\grabphim-mobile\\src\\api\\home.js": {"path":"D:\\projects\\grabphim\\grabphim-mobile\\src\\api\\home.js","statementMap":{"0":{"start":{"line":1,"column":13},"end":{"line":1,"column":75}},"1":{"start":{"line":1,"column":75},"end":{"line":1,"column":100}},"2":{"start":{"line":1,"column":116},"end":{"line":1,"column":137}},"3":{"start":{"line":3,"column":11},"end":{"line":19,"column":33}}},"fnMap":{},"branchMap":{},"s":{"0":0,"1":0,"2":0,"3":0},"f":{},"b":{}}
,"D:\\projects\\grabphim\\grabphim-mobile\\src\\api\\index.js": {"path":"D:\\projects\\grabphim\\grabphim-mobile\\src\\api\\index.js","statementMap":{"0":{"start":{"line":1,"column":13},"end":{"line":1,"column":75}},"1":{"start":{"line":1,"column":87},"end":{"line":1,"column":104}},"2":{"start":{"line":1,"column":105},"end":{"line":1,"column":305}},"3":{"start":{"line":1,"column":148},"end":{"line":1,"column":202}},"4":{"start":{"line":1,"column":195},"end":{"line":1,"column":202}},"5":{"start":{"line":1,"column":202},"end":{"line":1,"column":302}},"6":{"start":{"line":1,"column":279},"end":{"line":1,"column":297}},"7":{"start":{"line":1,"column":317},"end":{"line":1,"column":334}},"8":{"start":{"line":2,"column":0},"end":{"line":2,"column":200}},"9":{"start":{"line":2,"column":43},"end":{"line":2,"column":97}},"10":{"start":{"line":2,"column":90},"end":{"line":2,"column":97}},"11":{"start":{"line":2,"column":97},"end":{"line":2,"column":197}},"12":{"start":{"line":2,"column":174},"end":{"line":2,"column":192}},"13":{"start":{"line":2,"column":212},"end":{"line":2,"column":229}},"14":{"start":{"line":3,"column":0},"end":{"line":3,"column":200}},"15":{"start":{"line":3,"column":43},"end":{"line":3,"column":97}},"16":{"start":{"line":3,"column":90},"end":{"line":3,"column":97}},"17":{"start":{"line":3,"column":97},"end":{"line":3,"column":197}},"18":{"start":{"line":3,"column":174},"end":{"line":3,"column":192}},"19":{"start":{"line":3,"column":215},"end":{"line":3,"column":235}},"20":{"start":{"line":4,"column":0},"end":{"line":4,"column":206}},"21":{"start":{"line":4,"column":46},"end":{"line":4,"column":100}},"22":{"start":{"line":4,"column":93},"end":{"line":4,"column":100}},"23":{"start":{"line":4,"column":100},"end":{"line":4,"column":203}},"24":{"start":{"line":4,"column":177},"end":{"line":4,"column":198}},"25":{"start":{"line":4,"column":222},"end":{"line":4,"column":243}},"26":{"start":{"line":5,"column":0},"end":{"line":5,"column":208}},"27":{"start":{"line":5,"column":47},"end":{"line":5,"column":101}},"28":{"start":{"line":5,"column":94},"end":{"line":5,"column":101}},"29":{"start":{"line":5,"column":101},"end":{"line":5,"column":205}},"30":{"start":{"line":5,"column":178},"end":{"line":5,"column":200}},"31":{"start":{"line":5,"column":226},"end":{"line":5,"column":249}},"32":{"start":{"line":6,"column":0},"end":{"line":6,"column":212}},"33":{"start":{"line":6,"column":49},"end":{"line":6,"column":103}},"34":{"start":{"line":6,"column":96},"end":{"line":6,"column":103}},"35":{"start":{"line":6,"column":103},"end":{"line":6,"column":209}},"36":{"start":{"line":6,"column":180},"end":{"line":6,"column":204}},"37":{"start":{"line":6,"column":226},"end":{"line":6,"column":245}},"38":{"start":{"line":7,"column":0},"end":{"line":7,"column":204}},"39":{"start":{"line":7,"column":45},"end":{"line":7,"column":99}},"40":{"start":{"line":7,"column":92},"end":{"line":7,"column":99}},"41":{"start":{"line":7,"column":99},"end":{"line":7,"column":201}},"42":{"start":{"line":7,"column":176},"end":{"line":7,"column":196}},"43":{"start":{"line":7,"column":218},"end":{"line":7,"column":237}},"44":{"start":{"line":8,"column":0},"end":{"line":8,"column":204}},"45":{"start":{"line":8,"column":45},"end":{"line":8,"column":99}},"46":{"start":{"line":8,"column":92},"end":{"line":8,"column":99}},"47":{"start":{"line":8,"column":99},"end":{"line":8,"column":201}},"48":{"start":{"line":8,"column":176},"end":{"line":8,"column":196}},"49":{"start":{"line":8,"column":216},"end":{"line":8,"column":233}},"50":{"start":{"line":9,"column":0},"end":{"line":9,"column":200}},"51":{"start":{"line":9,"column":43},"end":{"line":9,"column":97}},"52":{"start":{"line":9,"column":90},"end":{"line":9,"column":97}},"53":{"start":{"line":9,"column":97},"end":{"line":9,"column":197}},"54":{"start":{"line":9,"column":174},"end":{"line":9,"column":192}},"55":{"start":{"line":9,"column":216},"end":{"line":9,"column":237}},"56":{"start":{"line":10,"column":0},"end":{"line":10,"column":208}},"57":{"start":{"line":10,"column":47},"end":{"line":10,"column":101}},"58":{"start":{"line":10,"column":94},"end":{"line":10,"column":101}},"59":{"start":{"line":10,"column":101},"end":{"line":10,"column":205}},"60":{"start":{"line":10,"column":178},"end":{"line":10,"column":200}},"61":{"start":{"line":10,"column":224},"end":{"line":10,"column":245}},"62":{"start":{"line":11,"column":0},"end":{"line":11,"column":208}},"63":{"start":{"line":11,"column":47},"end":{"line":11,"column":101}},"64":{"start":{"line":11,"column":94},"end":{"line":11,"column":101}},"65":{"start":{"line":11,"column":101},"end":{"line":11,"column":205}},"66":{"start":{"line":11,"column":178},"end":{"line":11,"column":200}},"67":{"start":{"line":11,"column":223},"end":{"line":11,"column":243}},"68":{"start":{"line":12,"column":0},"end":{"line":12,"column":206}},"69":{"start":{"line":12,"column":46},"end":{"line":12,"column":100}},"70":{"start":{"line":12,"column":93},"end":{"line":12,"column":100}},"71":{"start":{"line":12,"column":100},"end":{"line":12,"column":203}},"72":{"start":{"line":12,"column":177},"end":{"line":12,"column":198}},"73":{"start":{"line":12,"column":221},"end":{"line":12,"column":241}},"74":{"start":{"line":13,"column":0},"end":{"line":13,"column":206}},"75":{"start":{"line":13,"column":46},"end":{"line":13,"column":100}},"76":{"start":{"line":13,"column":93},"end":{"line":13,"column":100}},"77":{"start":{"line":13,"column":100},"end":{"line":13,"column":203}},"78":{"start":{"line":13,"column":177},"end":{"line":13,"column":198}}},"fnMap":{"0":{"name":"(anonymous_0)","decl":{"start":{"line":1,"column":132},"end":{"line":1,"column":133}},"loc":{"start":{"line":1,"column":147},"end":{"line":1,"column":303}},"line":1},"1":{"name":"get","decl":{"start":{"line":1,"column":272},"end":{"line":1,"column":275}},"loc":{"start":{"line":1,"column":278},"end":{"line":1,"column":298}},"line":1},"2":{"name":"(anonymous_2)","decl":{"start":{"line":2,"column":27},"end":{"line":2,"column":28}},"loc":{"start":{"line":2,"column":42},"end":{"line":2,"column":198}},"line":2},"3":{"name":"get","decl":{"start":{"line":2,"column":167},"end":{"line":2,"column":170}},"loc":{"start":{"line":2,"column":173},"end":{"line":2,"column":193}},"line":2},"4":{"name":"(anonymous_4)","decl":{"start":{"line":3,"column":27},"end":{"line":3,"column":28}},"loc":{"start":{"line":3,"column":42},"end":{"line":3,"column":198}},"line":3},"5":{"name":"get","decl":{"start":{"line":3,"column":167},"end":{"line":3,"column":170}},"loc":{"start":{"line":3,"column":173},"end":{"line":3,"column":193}},"line":3},"6":{"name":"(anonymous_6)","decl":{"start":{"line":4,"column":30},"end":{"line":4,"column":31}},"loc":{"start":{"line":4,"column":45},"end":{"line":4,"column":204}},"line":4},"7":{"name":"get","decl":{"start":{"line":4,"column":170},"end":{"line":4,"column":173}},"loc":{"start":{"line":4,"column":176},"end":{"line":4,"column":199}},"line":4},"8":{"name":"(anonymous_8)","decl":{"start":{"line":5,"column":31},"end":{"line":5,"column":32}},"loc":{"start":{"line":5,"column":46},"end":{"line":5,"column":206}},"line":5},"9":{"name":"get","decl":{"start":{"line":5,"column":171},"end":{"line":5,"column":174}},"loc":{"start":{"line":5,"column":177},"end":{"line":5,"column":201}},"line":5},"10":{"name":"(anonymous_10)","decl":{"start":{"line":6,"column":33},"end":{"line":6,"column":34}},"loc":{"start":{"line":6,"column":48},"end":{"line":6,"column":210}},"line":6},"11":{"name":"get","decl":{"start":{"line":6,"column":173},"end":{"line":6,"column":176}},"loc":{"start":{"line":6,"column":179},"end":{"line":6,"column":205}},"line":6},"12":{"name":"(anonymous_12)","decl":{"start":{"line":7,"column":29},"end":{"line":7,"column":30}},"loc":{"start":{"line":7,"column":44},"end":{"line":7,"column":202}},"line":7},"13":{"name":"get","decl":{"start":{"line":7,"column":169},"end":{"line":7,"column":172}},"loc":{"start":{"line":7,"column":175},"end":{"line":7,"column":197}},"line":7},"14":{"name":"(anonymous_14)","decl":{"start":{"line":8,"column":29},"end":{"line":8,"column":30}},"loc":{"start":{"line":8,"column":44},"end":{"line":8,"column":202}},"line":8},"15":{"name":"get","decl":{"start":{"line":8,"column":169},"end":{"line":8,"column":172}},"loc":{"start":{"line":8,"column":175},"end":{"line":8,"column":197}},"line":8},"16":{"name":"(anonymous_16)","decl":{"start":{"line":9,"column":27},"end":{"line":9,"column":28}},"loc":{"start":{"line":9,"column":42},"end":{"line":9,"column":198}},"line":9},"17":{"name":"get","decl":{"start":{"line":9,"column":167},"end":{"line":9,"column":170}},"loc":{"start":{"line":9,"column":173},"end":{"line":9,"column":193}},"line":9},"18":{"name":"(anonymous_18)","decl":{"start":{"line":10,"column":31},"end":{"line":10,"column":32}},"loc":{"start":{"line":10,"column":46},"end":{"line":10,"column":206}},"line":10},"19":{"name":"get","decl":{"start":{"line":10,"column":171},"end":{"line":10,"column":174}},"loc":{"start":{"line":10,"column":177},"end":{"line":10,"column":201}},"line":10},"20":{"name":"(anonymous_20)","decl":{"start":{"line":11,"column":31},"end":{"line":11,"column":32}},"loc":{"start":{"line":11,"column":46},"end":{"line":11,"column":206}},"line":11},"21":{"name":"get","decl":{"start":{"line":11,"column":171},"end":{"line":11,"column":174}},"loc":{"start":{"line":11,"column":177},"end":{"line":11,"column":201}},"line":11},"22":{"name":"(anonymous_22)","decl":{"start":{"line":12,"column":30},"end":{"line":12,"column":31}},"loc":{"start":{"line":12,"column":45},"end":{"line":12,"column":204}},"line":12},"23":{"name":"get","decl":{"start":{"line":12,"column":170},"end":{"line":12,"column":173}},"loc":{"start":{"line":12,"column":176},"end":{"line":12,"column":199}},"line":12},"24":{"name":"(anonymous_24)","decl":{"start":{"line":13,"column":30},"end":{"line":13,"column":31}},"loc":{"start":{"line":13,"column":45},"end":{"line":13,"column":204}},"line":13},"25":{"name":"get","decl":{"start":{"line":13,"column":170},"end":{"line":13,"column":173}},"loc":{"start":{"line":13,"column":176},"end":{"line":13,"column":199}},"line":13}},"branchMap":{"0":{"loc":{"start":{"line":1,"column":148},"end":{"line":1,"column":202}},"type":"if","locations":[{"start":{"line":1,"column":148},"end":{"line":1,"column":202}},{"start":{"line":1,"column":148},"end":{"line":1,"column":202}}],"line":1},"1":{"loc":{"start":{"line":1,"column":152},"end":{"line":1,"column":193}},"type":"binary-expr","locations":[{"start":{"line":1,"column":152},"end":{"line":1,"column":169}},{"start":{"line":1,"column":173},"end":{"line":1,"column":193}}],"line":1},"2":{"loc":{"start":{"line":2,"column":43},"end":{"line":2,"column":97}},"type":"if","locations":[{"start":{"line":2,"column":43},"end":{"line":2,"column":97}},{"start":{"line":2,"column":43},"end":{"line":2,"column":97}}],"line":2},"3":{"loc":{"start":{"line":2,"column":47},"end":{"line":2,"column":88}},"type":"binary-expr","locations":[{"start":{"line":2,"column":47},"end":{"line":2,"column":64}},{"start":{"line":2,"column":68},"end":{"line":2,"column":88}}],"line":2},"4":{"loc":{"start":{"line":3,"column":43},"end":{"line":3,"column":97}},"type":"if","locations":[{"start":{"line":3,"column":43},"end":{"line":3,"column":97}},{"start":{"line":3,"column":43},"end":{"line":3,"column":97}}],"line":3},"5":{"loc":{"start":{"line":3,"column":47},"end":{"line":3,"column":88}},"type":"binary-expr","locations":[{"start":{"line":3,"column":47},"end":{"line":3,"column":64}},{"start":{"line":3,"column":68},"end":{"line":3,"column":88}}],"line":3},"6":{"loc":{"start":{"line":4,"column":46},"end":{"line":4,"column":100}},"type":"if","locations":[{"start":{"line":4,"column":46},"end":{"line":4,"column":100}},{"start":{"line":4,"column":46},"end":{"line":4,"column":100}}],"line":4},"7":{"loc":{"start":{"line":4,"column":50},"end":{"line":4,"column":91}},"type":"binary-expr","locations":[{"start":{"line":4,"column":50},"end":{"line":4,"column":67}},{"start":{"line":4,"column":71},"end":{"line":4,"column":91}}],"line":4},"8":{"loc":{"start":{"line":5,"column":47},"end":{"line":5,"column":101}},"type":"if","locations":[{"start":{"line":5,"column":47},"end":{"line":5,"column":101}},{"start":{"line":5,"column":47},"end":{"line":5,"column":101}}],"line":5},"9":{"loc":{"start":{"line":5,"column":51},"end":{"line":5,"column":92}},"type":"binary-expr","locations":[{"start":{"line":5,"column":51},"end":{"line":5,"column":68}},{"start":{"line":5,"column":72},"end":{"line":5,"column":92}}],"line":5},"10":{"loc":{"start":{"line":6,"column":49},"end":{"line":6,"column":103}},"type":"if","locations":[{"start":{"line":6,"column":49},"end":{"line":6,"column":103}},{"start":{"line":6,"column":49},"end":{"line":6,"column":103}}],"line":6},"11":{"loc":{"start":{"line":6,"column":53},"end":{"line":6,"column":94}},"type":"binary-expr","locations":[{"start":{"line":6,"column":53},"end":{"line":6,"column":70}},{"start":{"line":6,"column":74},"end":{"line":6,"column":94}}],"line":6},"12":{"loc":{"start":{"line":7,"column":45},"end":{"line":7,"column":99}},"type":"if","locations":[{"start":{"line":7,"column":45},"end":{"line":7,"column":99}},{"start":{"line":7,"column":45},"end":{"line":7,"column":99}}],"line":7},"13":{"loc":{"start":{"line":7,"column":49},"end":{"line":7,"column":90}},"type":"binary-expr","locations":[{"start":{"line":7,"column":49},"end":{"line":7,"column":66}},{"start":{"line":7,"column":70},"end":{"line":7,"column":90}}],"line":7},"14":{"loc":{"start":{"line":8,"column":45},"end":{"line":8,"column":99}},"type":"if","locations":[{"start":{"line":8,"column":45},"end":{"line":8,"column":99}},{"start":{"line":8,"column":45},"end":{"line":8,"column":99}}],"line":8},"15":{"loc":{"start":{"line":8,"column":49},"end":{"line":8,"column":90}},"type":"binary-expr","locations":[{"start":{"line":8,"column":49},"end":{"line":8,"column":66}},{"start":{"line":8,"column":70},"end":{"line":8,"column":90}}],"line":8},"16":{"loc":{"start":{"line":9,"column":43},"end":{"line":9,"column":97}},"type":"if","locations":[{"start":{"line":9,"column":43},"end":{"line":9,"column":97}},{"start":{"line":9,"column":43},"end":{"line":9,"column":97}}],"line":9},"17":{"loc":{"start":{"line":9,"column":47},"end":{"line":9,"column":88}},"type":"binary-expr","locations":[{"start":{"line":9,"column":47},"end":{"line":9,"column":64}},{"start":{"line":9,"column":68},"end":{"line":9,"column":88}}],"line":9},"18":{"loc":{"start":{"line":10,"column":47},"end":{"line":10,"column":101}},"type":"if","locations":[{"start":{"line":10,"column":47},"end":{"line":10,"column":101}},{"start":{"line":10,"column":47},"end":{"line":10,"column":101}}],"line":10},"19":{"loc":{"start":{"line":10,"column":51},"end":{"line":10,"column":92}},"type":"binary-expr","locations":[{"start":{"line":10,"column":51},"end":{"line":10,"column":68}},{"start":{"line":10,"column":72},"end":{"line":10,"column":92}}],"line":10},"20":{"loc":{"start":{"line":11,"column":47},"end":{"line":11,"column":101}},"type":"if","locations":[{"start":{"line":11,"column":47},"end":{"line":11,"column":101}},{"start":{"line":11,"column":47},"end":{"line":11,"column":101}}],"line":11},"21":{"loc":{"start":{"line":11,"column":51},"end":{"line":11,"column":92}},"type":"binary-expr","locations":[{"start":{"line":11,"column":51},"end":{"line":11,"column":68}},{"start":{"line":11,"column":72},"end":{"line":11,"column":92}}],"line":11},"22":{"loc":{"start":{"line":12,"column":46},"end":{"line":12,"column":100}},"type":"if","locations":[{"start":{"line":12,"column":46},"end":{"line":12,"column":100}},{"start":{"line":12,"column":46},"end":{"line":12,"column":100}}],"line":12},"23":{"loc":{"start":{"line":12,"column":50},"end":{"line":12,"column":91}},"type":"binary-expr","locations":[{"start":{"line":12,"column":50},"end":{"line":12,"column":67}},{"start":{"line":12,"column":71},"end":{"line":12,"column":91}}],"line":12},"24":{"loc":{"start":{"line":13,"column":46},"end":{"line":13,"column":100}},"type":"if","locations":[{"start":{"line":13,"column":46},"end":{"line":13,"column":100}},{"start":{"line":13,"column":46},"end":{"line":13,"column":100}}],"line":13},"25":{"loc":{"start":{"line":13,"column":50},"end":{"line":13,"column":91}},"type":"binary-expr","locations":[{"start":{"line":13,"column":50},"end":{"line":13,"column":67}},{"start":{"line":13,"column":71},"end":{"line":13,"column":91}}],"line":13}},"s":{"0":0,"1":0,"2":0,"3":0,"4":0,"5":0,"6":0,"7":0,"8":0,"9":0,"10":0,"11":0,"12":0,"13":0,"14":0,"15":0,"16":0,"17":0,"18":0,"19":0,"20":0,"21":0,"22":0,"23":0,"24":0,"25":0,"26":0,"27":0,"28":0,"29":0,"30":0,"31":0,"32":0,"33":0,"34":0,"35":0,"36":0,"37":0,"38":0,"39":0,"40":0,"41":0,"42":0,"43":0,"44":0,"45":0,"46":0,"47":0,"48":0,"49":0,"50":0,"51":0,"52":0,"53":0,"54":0,"55":0,"56":0,"57":0,"58":0,"59":0,"60":0,"61":0,"62":0,"63":0,"64":0,"65":0,"66":0,"67":0,"68":0,"69":0,"70":0,"71":0,"72":0,"73":0,"74":0,"75":0,"76":0,"77":0,"78":0},"f":{"0":0,"1":0,"2":0,"3":0,"4":0,"5":0,"6":0,"7":0,"8":0,"9":0,"10":0,"11":0,"12":0,"13":0,"14":0,"15":0,"16":0,"17":0,"18":0,"19":0,"20":0,"21":0,"22":0,"23":0,"24":0,"25":0},"b":{"0":[0,0],"1":[0,0],"2":[0,0],"3":[0,0],"4":[0,0],"5":[0,0],"6":[0,0],"7":[0,0],"8":[0,0],"9":[0,0],"10":[0,0],"11":[0,0],"12":[0,0],"13":[0,0],"14":[0,0],"15":[0,0],"16":[0,0],"17":[0,0],"18":[0,0],"19":[0,0],"20":[0,0],"21":[0,0],"22":[0,0],"23":[0,0],"24":[0,0],"25":[0,0]}}
,"D:\\projects\\grabphim\\grabphim-mobile\\src\\api\\location.js": {"path":"D:\\projects\\grabphim\\grabphim-mobile\\src\\api\\location.js","statementMap":{"0":{"start":{"line":1,"column":13},"end":{"line":1,"column":75}},"1":{"start":{"line":1,"column":90},"end":{"line":1,"column":321}},"2":{"start":{"line":1,"column":126},"end":{"line":1,"column":306}},"3":{"start":{"line":1,"column":183},"end":{"line":1,"column":195}},"4":{"start":{"line":1,"column":196},"end":{"line":1,"column":305}},"5":{"start":{"line":1,"column":221},"end":{"line":1,"column":304}},"6":{"start":{"line":1,"column":277},"end":{"line":1,"column":303}},"7":{"start":{"line":1,"column":306},"end":{"line":1,"column":320}},"8":{"start":{"line":1,"column":337},"end":{"line":4,"column":1}},"9":{"start":{"line":2,"column":17},"end":{"line":2,"column":24}},"10":{"start":{"line":3,"column":2},"end":{"line":3,"column":118}},"11":{"start":{"line":3,"column":43},"end":{"line":3,"column":115}},"12":{"start":{"line":6,"column":15},"end":{"line":21,"column":128}},"13":{"start":{"line":11,"column":56},"end":{"line":11,"column":123}},"14":{"start":{"line":16,"column":55},"end":{"line":16,"column":121}},"15":{"start":{"line":21,"column":55},"end":{"line":21,"column":121}}},"fnMap":{"0":{"name":"(anonymous_0)","decl":{"start":{"line":1,"column":107},"end":{"line":1,"column":108}},"loc":{"start":{"line":1,"column":125},"end":{"line":1,"column":321}},"line":1},"1":{"name":"makeData","decl":{"start":{"line":1,"column":346},"end":{"line":1,"column":354}},"loc":{"start":{"line":1,"column":365},"end":{"line":4,"column":1}},"line":1},"2":{"name":"(anonymous_2)","decl":{"start":{"line":3,"column":29},"end":{"line":3,"column":30}},"loc":{"start":{"line":3,"column":42},"end":{"line":3,"column":116}},"line":3},"3":{"name":"(anonymous_3)","decl":{"start":{"line":11,"column":42},"end":{"line":11,"column":43}},"loc":{"start":{"line":11,"column":55},"end":{"line":11,"column":124}},"line":11},"4":{"name":"(anonymous_4)","decl":{"start":{"line":16,"column":41},"end":{"line":16,"column":42}},"loc":{"start":{"line":16,"column":54},"end":{"line":16,"column":122}},"line":16},"5":{"name":"(anonymous_5)","decl":{"start":{"line":21,"column":41},"end":{"line":21,"column":42}},"loc":{"start":{"line":21,"column":54},"end":{"line":21,"column":122}},"line":21}},"branchMap":{"0":{"loc":{"start":{"line":1,"column":90},"end":{"line":1,"column":321}},"type":"binary-expr","locations":[{"start":{"line":1,"column":90},"end":{"line":1,"column":103}},{"start":{"line":1,"column":107},"end":{"line":1,"column":321}}],"line":1},"1":{"loc":{"start":{"line":1,"column":221},"end":{"line":1,"column":304}},"type":"if","locations":[{"start":{"line":1,"column":221},"end":{"line":1,"column":304}},{"start":{"line":1,"column":221},"end":{"line":1,"column":304}}],"line":1}},"s":{"0":0,"1":0,"2":0,"3":0,"4":0,"5":0,"6":0,"7":0,"8":0,"9":0,"10":0,"11":0,"12":0,"13":0,"14":0,"15":0},"f":{"0":0,"1":0,"2":0,"3":0,"4":0,"5":0},"b":{"0":[0,0],"1":[0,0]}}
,"D:\\projects\\grabphim\\grabphim-mobile\\src\\api\\messages.js": {"path":"D:\\projects\\grabphim\\grabphim-mobile\\src\\api\\messages.js","statementMap":{"0":{"start":{"line":1,"column":13},"end":{"line":1,"column":75}},"1":{"start":{"line":1,"column":90},"end":{"line":21,"column":79}}},"fnMap":{},"branchMap":{},"s":{"0":0,"1":0},"f":{},"b":{}}
,"D:\\projects\\grabphim\\grabphim-mobile\\src\\api\\payment.js": {"path":"D:\\projects\\grabphim\\grabphim-mobile\\src\\api\\payment.js","statementMap":{"0":{"start":{"line":1,"column":13},"end":{"line":1,"column":75}},"1":{"start":{"line":1,"column":89},"end":{"line":7,"column":106}}},"fnMap":{},"branchMap":{},"s":{"0":0,"1":0},"f":{},"b":{}}
,"D:\\projects\\grabphim\\grabphim-mobile\\src\\api\\product.js": {"path":"D:\\projects\\grabphim\\grabphim-mobile\\src\\api\\product.js","statementMap":{"0":{"start":{"line":1,"column":13},"end":{"line":1,"column":75}},"1":{"start":{"line":1,"column":75},"end":{"line":1,"column":103}},"2":{"start":{"line":1,"column":118},"end":{"line":1,"column":349}},"3":{"start":{"line":1,"column":154},"end":{"line":1,"column":334}},"4":{"start":{"line":1,"column":211},"end":{"line":1,"column":223}},"5":{"start":{"line":1,"column":224},"end":{"line":1,"column":333}},"6":{"start":{"line":1,"column":249},"end":{"line":1,"column":332}},"7":{"start":{"line":1,"column":305},"end":{"line":1,"column":331}},"8":{"start":{"line":1,"column":334},"end":{"line":1,"column":348}},"9":{"start":{"line":1,"column":366},"end":{"line":1,"column":387}},"10":{"start":{"line":3,"column":14},"end":{"line":70,"column":5550}}},"fnMap":{"0":{"name":"(anonymous_0)","decl":{"start":{"line":1,"column":135},"end":{"line":1,"column":136}},"loc":{"start":{"line":1,"column":153},"end":{"line":1,"column":349}},"line":1}},"branchMap":{"0":{"loc":{"start":{"line":1,"column":118},"end":{"line":1,"column":349}},"type":"binary-expr","locations":[{"start":{"line":1,"column":118},"end":{"line":1,"column":131}},{"start":{"line":1,"column":135},"end":{"line":1,"column":349}}],"line":1},"1":{"loc":{"start":{"line":1,"column":249},"end":{"line":1,"column":332}},"type":"if","locations":[{"start":{"line":1,"column":249},"end":{"line":1,"column":332}},{"start":{"line":1,"column":249},"end":{"line":1,"column":332}}],"line":1}},"s":{"0":0,"1":0,"2":0,"3":0,"4":0,"5":0,"6":0,"7":0,"8":0,"9":0,"10":0},"f":{"0":0},"b":{"0":[0,0],"1":[0,0]}}
,"D:\\projects\\grabphim\\grabphim-mobile\\src\\api\\products.js": {"path":"D:\\projects\\grabphim\\grabphim-mobile\\src\\api\\products.js","statementMap":{"0":{"start":{"line":1,"column":13},"end":{"line":1,"column":75}},"1":{"start":{"line":1,"column":90},"end":{"line":952,"column":21}}},"fnMap":{},"branchMap":{},"s":{"0":0,"1":0},"f":{},"b":{}}
,"D:\\projects\\grabphim\\grabphim-mobile\\src\\api\\review.js": {"path":"D:\\projects\\grabphim\\grabphim-mobile\\src\\api\\review.js","statementMap":{"0":{"start":{"line":1,"column":13},"end":{"line":1,"column":75}},"1":{"start":{"line":1,"column":88},"end":{"line":51,"column":18}}},"fnMap":{},"branchMap":{},"s":{"0":0,"1":0},"f":{},"b":{}}
,"D:\\projects\\grabphim\\grabphim-mobile\\src\\api\\data\\aggs.js": {"path":"D:\\projects\\grabphim\\grabphim-mobile\\src\\api\\data\\aggs.js","statementMap":{"0":{"start":{"line":1,"column":13},"end":{"line":1,"column":75}},"1":{"start":{"line":1,"column":86},"end":{"line":54,"column":45}}},"fnMap":{},"branchMap":{},"s":{"0":0,"1":0},"f":{},"b":{}}
,"D:\\projects\\grabphim\\grabphim-mobile\\src\\api\\data\\index.js": {"path":"D:\\projects\\grabphim\\grabphim-mobile\\src\\api\\data\\index.js","statementMap":{"0":{"start":{"line":1,"column":13},"end":{"line":1,"column":75}},"1":{"start":{"line":1,"column":87},"end":{"line":1,"column":104}},"2":{"start":{"line":1,"column":105},"end":{"line":1,"column":305}},"3":{"start":{"line":1,"column":148},"end":{"line":1,"column":202}},"4":{"start":{"line":1,"column":195},"end":{"line":1,"column":202}},"5":{"start":{"line":1,"column":202},"end":{"line":1,"column":302}},"6":{"start":{"line":1,"column":279},"end":{"line":1,"column":297}}},"fnMap":{"0":{"name":"(anonymous_0)","decl":{"start":{"line":1,"column":132},"end":{"line":1,"column":133}},"loc":{"start":{"line":1,"column":147},"end":{"line":1,"column":303}},"line":1},"1":{"name":"get","decl":{"start":{"line":1,"column":272},"end":{"line":1,"column":275}},"loc":{"start":{"line":1,"column":278},"end":{"line":1,"column":298}},"line":1}},"branchMap":{"0":{"loc":{"start":{"line":1,"column":148},"end":{"line":1,"column":202}},"type":"if","locations":[{"start":{"line":1,"column":148},"end":{"line":1,"column":202}},{"start":{"line":1,"column":148},"end":{"line":1,"column":202}}],"line":1},"1":{"loc":{"start":{"line":1,"column":152},"end":{"line":1,"column":193}},"type":"binary-expr","locations":[{"start":{"line":1,"column":152},"end":{"line":1,"column":169}},{"start":{"line":1,"column":173},"end":{"line":1,"column":193}}],"line":1}},"s":{"0":0,"1":0,"2":0,"3":0,"4":0,"5":0,"6":0},"f":{"0":0,"1":0},"b":{"0":[0,0],"1":[0,0]}}
,"D:\\projects\\grabphim\\grabphim-mobile\\src\\components\\index.js": {"path":"D:\\projects\\grabphim\\grabphim-mobile\\src\\components\\index.js","statementMap":{"0":{"start":{"line":1,"column":24},"end":{"line":1,"column":38}},"1":{"start":{"line":1,"column":51},"end":{"line":1,"column":79}},"2":{"start":{"line":2,"column":14},"end":{"line":2,"column":41}},"3":{"start":{"line":2,"column":57},"end":{"line":2,"column":88}},"4":{"start":{"line":3,"column":12},"end":{"line":3,"column":37}},"5":{"start":{"line":3,"column":51},"end":{"line":3,"column":80}},"6":{"start":{"line":4,"column":17},"end":{"line":4,"column":47}},"7":{"start":{"line":4,"column":66},"end":{"line":4,"column":100}},"8":{"start":{"line":5,"column":15},"end":{"line":5,"column":43}},"9":{"start":{"line":5,"column":60},"end":{"line":5,"column":92}},"10":{"start":{"line":6,"column":20},"end":{"line":6,"column":53}},"11":{"start":{"line":6,"column":75},"end":{"line":6,"column":112}},"12":{"start":{"line":7,"column":13},"end":{"line":7,"column":39}},"13":{"start":{"line":7,"column":54},"end":{"line":7,"column":84}},"14":{"start":{"line":9,"column":19},"end":{"line":9,"column":55}},"15":{"start":{"line":9,"column":76},"end":{"line":9,"column":112}},"16":{"start":{"line":10,"column":19},"end":{"line":10,"column":55}},"17":{"start":{"line":10,"column":76},"end":{"line":10,"column":112}},"18":{"start":{"line":11,"column":19},"end":{"line":11,"column":55}},"19":{"start":{"line":11,"column":76},"end":{"line":11,"column":112}},"20":{"start":{"line":12,"column":19},"end":{"line":12,"column":55}},"21":{"start":{"line":12,"column":76},"end":{"line":12,"column":112}},"22":{"start":{"line":13,"column":21},"end":{"line":13,"column":59}},"23":{"start":{"line":13,"column":82},"end":{"line":13,"column":120}},"24":{"start":{"line":14,"column":23},"end":{"line":14,"column":63}},"25":{"start":{"line":14,"column":88},"end":{"line":14,"column":128}},"26":{"start":{"line":15,"column":19},"end":{"line":15,"column":55}},"27":{"start":{"line":15,"column":76},"end":{"line":15,"column":112}},"28":{"start":{"line":16,"column":21},"end":{"line":16,"column":59}},"29":{"start":{"line":16,"column":82},"end":{"line":16,"column":120}},"30":{"start":{"line":17,"column":18},"end":{"line":17,"column":53}},"31":{"start":{"line":17,"column":73},"end":{"line":17,"column":108}},"32":{"start":{"line":19,"column":24},"end":{"line":19,"column":64}},"33":{"start":{"line":19,"column":90},"end":{"line":19,"column":131}},"34":{"start":{"line":20,"column":22},"end":{"line":20,"column":60}},"35":{"start":{"line":20,"column":84},"end":{"line":20,"column":123}},"36":{"start":{"line":21,"column":28},"end":{"line":21,"column":72}},"37":{"start":{"line":21,"column":102},"end":{"line":21,"column":147}},"38":{"start":{"line":22,"column":20},"end":{"line":22,"column":56}},"39":{"start":{"line":22,"column":78},"end":{"line":22,"column":115}},"40":{"start":{"line":23,"column":20},"end":{"line":23,"column":56}},"41":{"start":{"line":23,"column":78},"end":{"line":23,"column":115}},"42":{"start":{"line":24,"column":19},"end":{"line":24,"column":54}},"43":{"start":{"line":24,"column":75},"end":{"line":24,"column":111}},"44":{"start":{"line":25,"column":20},"end":{"line":25,"column":56}},"45":{"start":{"line":25,"column":78},"end":{"line":25,"column":115}},"46":{"start":{"line":25,"column":154},"end":{"line":25,"column":208}},"47":{"start":{"line":27,"column":0},"end":{"line":54,"column":9}},"48":{"start":{"line":29,"column":8},"end":{"line":29,"column":50}},"49":{"start":{"line":30,"column":8},"end":{"line":30,"column":56}},"50":{"start":{"line":31,"column":8},"end":{"line":31,"column":67}},"51":{"start":{"line":32,"column":8},"end":{"line":32,"column":54}},"52":{"start":{"line":33,"column":8},"end":{"line":33,"column":57}},"53":{"start":{"line":34,"column":8},"end":{"line":34,"column":52}},"54":{"start":{"line":36,"column":8},"end":{"line":36,"column":60}},"55":{"start":{"line":37,"column":8},"end":{"line":37,"column":60}},"56":{"start":{"line":39,"column":8},"end":{"line":39,"column":66}},"57":{"start":{"line":40,"column":8},"end":{"line":40,"column":78}},"58":{"start":{"line":41,"column":8},"end":{"line":41,"column":62}},"59":{"start":{"line":42,"column":8},"end":{"line":42,"column":62}},"60":{"start":{"line":44,"column":8},"end":{"line":44,"column":60}},"61":{"start":{"line":45,"column":8},"end":{"line":45,"column":70}},"62":{"start":{"line":46,"column":8},"end":{"line":46,"column":62}},"63":{"start":{"line":47,"column":8},"end":{"line":47,"column":61}},"64":{"start":{"line":48,"column":8},"end":{"line":48,"column":60}},"65":{"start":{"line":49,"column":8},"end":{"line":49,"column":64}},"66":{"start":{"line":50,"column":8},"end":{"line":50,"column":68}},"67":{"start":{"line":51,"column":8},"end":{"line":51,"column":60}},"68":{"start":{"line":52,"column":8},"end":{"line":52,"column":64}},"69":{"start":{"line":53,"column":8},"end":{"line":53,"column":58}}},"fnMap":{"0":{"name":"_interopRequireDefault","decl":{"start":{"line":25,"column":125},"end":{"line":25,"column":147}},"loc":{"start":{"line":25,"column":153},"end":{"line":25,"column":209}},"line":25},"1":{"name":"install","decl":{"start":{"line":28,"column":22},"end":{"line":28,"column":29}},"loc":{"start":{"line":28,"column":35},"end":{"line":54,"column":5}},"line":28}},"branchMap":{"0":{"loc":{"start":{"line":25,"column":161},"end":{"line":25,"column":207}},"type":"cond-expr","locations":[{"start":{"line":25,"column":185},"end":{"line":25,"column":188}},{"start":{"line":25,"column":191},"end":{"line":25,"column":207}}],"line":25},"1":{"loc":{"start":{"line":25,"column":161},"end":{"line":25,"column":182}},"type":"binary-expr","locations":[{"start":{"line":25,"column":161},"end":{"line":25,"column":164}},{"start":{"line":25,"column":168},"end":{"line":25,"column":182}}],"line":25}},"s":{"0":0,"1":0,"2":0,"3":0,"4":0,"5":0,"6":0,"7":0,"8":0,"9":0,"10":0,"11":0,"12":0,"13":0,"14":0,"15":0,"16":0,"17":0,"18":0,"19":0,"20":0,"21":0,"22":0,"23":0,"24":0,"25":0,"26":0,"27":0,"28":0,"29":0,"30":0,"31":0,"32":0,"33":0,"34":0,"35":0,"36":0,"37":0,"38":0,"39":0,"40":0,"41":0,"42":0,"43":0,"44":0,"45":0,"46":0,"47":0,"48":0,"49":0,"50":0,"51":0,"52":0,"53":0,"54":0,"55":0,"56":0,"57":0,"58":0,"59":0,"60":0,"61":0,"62":0,"63":0,"64":0,"65":0,"66":0,"67":0,"68":0,"69":0},"f":{"0":0,"1":0},"b":{"0":[0,0],"1":[0,0]}}
,"D:\\projects\\grabphim\\grabphim-mobile\\src\\constants\\index.js": {"path":"D:\\projects\\grabphim\\grabphim-mobile\\src\\constants\\index.js","statementMap":{"0":{"start":{"line":1,"column":13},"end":{"line":1,"column":75}},"1":{"start":{"line":1,"column":86},"end":{"line":41,"column":45}}},"fnMap":{},"branchMap":{},"s":{"0":0,"1":0},"f":{},"b":{}}
,"D:\\projects\\grabphim\\grabphim-mobile\\src\\filters\\index.js": {"path":"D:\\projects\\grabphim\\grabphim-mobile\\src\\filters\\index.js","statementMap":{"0":{"start":{"line":1,"column":24},"end":{"line":1,"column":38}},"1":{"start":{"line":1,"column":51},"end":{"line":1,"column":79}},"2":{"start":{"line":2,"column":15},"end":{"line":2,"column":36}},"3":{"start":{"line":2,"column":75},"end":{"line":2,"column":129}},"4":{"start":{"line":4,"column":0},"end":{"line":7,"column":7}},"5":{"start":{"line":6,"column":4},"end":{"line":6,"column":50}}},"fnMap":{"0":{"name":"_interopRequireDefault","decl":{"start":{"line":2,"column":46},"end":{"line":2,"column":68}},"loc":{"start":{"line":2,"column":74},"end":{"line":2,"column":130}},"line":2},"1":{"name":"install","decl":{"start":{"line":5,"column":20},"end":{"line":5,"column":27}},"loc":{"start":{"line":5,"column":33},"end":{"line":7,"column":3}},"line":5}},"branchMap":{"0":{"loc":{"start":{"line":2,"column":82},"end":{"line":2,"column":128}},"type":"cond-expr","locations":[{"start":{"line":2,"column":106},"end":{"line":2,"column":109}},{"start":{"line":2,"column":112},"end":{"line":2,"column":128}}],"line":2},"1":{"loc":{"start":{"line":2,"column":82},"end":{"line":2,"column":103}},"type":"binary-expr","locations":[{"start":{"line":2,"column":82},"end":{"line":2,"column":85}},{"start":{"line":2,"column":89},"end":{"line":2,"column":103}}],"line":2}},"s":{"0":0,"1":0,"2":0,"3":0,"4":0,"5":0},"f":{"0":0,"1":0},"b":{"0":[0,0],"1":[0,0]}}
,"D:\\projects\\grabphim\\grabphim-mobile\\src\\helpers\\firebase.js": {"path":"D:\\projects\\grabphim\\grabphim-mobile\\src\\helpers\\firebase.js","statementMap":{"0":{"start":{"line":1,"column":13},"end":{"line":1,"column":75}},"1":{"start":{"line":1,"column":86},"end":{"line":1,"column":109}},"2":{"start":{"line":1,"column":122},"end":{"line":1,"column":150}},"3":{"start":{"line":2,"column":0},"end":{"line":2,"column":25}},"4":{"start":{"line":2,"column":63},"end":{"line":2,"column":117}},"5":{"start":{"line":4,"column":13},"end":{"line":10,"column":36}},"6":{"start":{"line":10,"column":37},"end":{"line":13,"column":87}}},"fnMap":{"0":{"name":"_interopRequireDefault","decl":{"start":{"line":2,"column":34},"end":{"line":2,"column":56}},"loc":{"start":{"line":2,"column":62},"end":{"line":2,"column":118}},"line":2}},"branchMap":{"0":{"loc":{"start":{"line":2,"column":70},"end":{"line":2,"column":116}},"type":"cond-expr","locations":[{"start":{"line":2,"column":94},"end":{"line":2,"column":97}},{"start":{"line":2,"column":100},"end":{"line":2,"column":116}}],"line":2},"1":{"loc":{"start":{"line":2,"column":70},"end":{"line":2,"column":91}},"type":"binary-expr","locations":[{"start":{"line":2,"column":70},"end":{"line":2,"column":73}},{"start":{"line":2,"column":77},"end":{"line":2,"column":91}}],"line":2},"2":{"loc":{"start":{"line":13,"column":0},"end":{"line":13,"column":86}},"type":"cond-expr","locations":[{"start":{"line":13,"column":29},"end":{"line":13,"column":64}},{"start":{"line":13,"column":67},"end":{"line":13,"column":86}}],"line":13}},"s":{"0":0,"1":0,"2":0,"3":0,"4":0,"5":0,"6":0},"f":{"0":0},"b":{"0":[0,0],"1":[0,0],"2":[0,0]}}
,"D:\\projects\\grabphim\\grabphim-mobile\\src\\helpers\\index.js": {"path":"D:\\projects\\grabphim\\grabphim-mobile\\src\\helpers\\index.js","statementMap":{"0":{"start":{"line":1,"column":13},"end":{"line":1,"column":75}},"1":{"start":{"line":1,"column":75},"end":{"line":1,"column":246}},"2":{"start":{"line":1,"column":261},"end":{"line":1,"column":492}},"3":{"start":{"line":1,"column":297},"end":{"line":1,"column":477}},"4":{"start":{"line":1,"column":354},"end":{"line":1,"column":366}},"5":{"start":{"line":1,"column":367},"end":{"line":1,"column":476}},"6":{"start":{"line":1,"column":392},"end":{"line":1,"column":475}},"7":{"start":{"line":1,"column":448},"end":{"line":1,"column":474}},"8":{"start":{"line":1,"column":477},"end":{"line":1,"column":491}},"9":{"start":{"line":1,"column":506},"end":{"line":1,"column":529}},"10":{"start":{"line":1,"column":544},"end":{"line":1,"column":574}},"11":{"start":{"line":2,"column":13},"end":{"line":2,"column":29}},"12":{"start":{"line":2,"column":44},"end":{"line":2,"column":74}},"13":{"start":{"line":3,"column":11},"end":{"line":3,"column":28}},"14":{"start":{"line":3,"column":67},"end":{"line":3,"column":121}},"15":{"start":{"line":3,"column":156},"end":{"line":3,"column":307}},"16":{"start":{"line":3,"column":181},"end":{"line":3,"column":263}},"17":{"start":{"line":3,"column":245},"end":{"line":3,"column":262}},"18":{"start":{"line":3,"column":263},"end":{"line":3,"column":275}},"19":{"start":{"line":3,"column":283},"end":{"line":3,"column":306}},"20":{"start":{"line":8,"column":10},"end":{"line":11,"column":52}},"21":{"start":{"line":13,"column":15},"end":{"line":182,"column":1}},"22":{"start":{"line":14,"column":2},"end":{"line":14,"column":86}},"23":{"start":{"line":14,"column":56},"end":{"line":14,"column":83}},"24":{"start":{"line":15,"column":2},"end":{"line":15,"column":90}},"25":{"start":{"line":15,"column":58},"end":{"line":15,"column":87}},"26":{"start":{"line":16,"column":2},"end":{"line":16,"column":94}},"27":{"start":{"line":16,"column":60},"end":{"line":16,"column":91}},"28":{"start":{"line":17,"column":2},"end":{"line":17,"column":98}},"29":{"start":{"line":17,"column":62},"end":{"line":17,"column":95}},"30":{"start":{"line":18,"column":2},"end":{"line":18,"column":113}},"31":{"start":{"line":18,"column":66},"end":{"line":18,"column":110}},"32":{"start":{"line":21,"column":17},"end":{"line":21,"column":19}},"33":{"start":{"line":22,"column":2},"end":{"line":22,"column":68}},"34":{"start":{"line":22,"column":39},"end":{"line":22,"column":65}},"35":{"start":{"line":23,"column":2},"end":{"line":31,"column":5}},"36":{"start":{"line":24,"column":13},"end":{"line":24,"column":31}},"37":{"start":{"line":25,"column":17},"end":{"line":25,"column":53}},"38":{"start":{"line":27,"column":4},"end":{"line":27,"column":95}},"39":{"start":{"line":27,"column":67},"end":{"line":27,"column":86}},"40":{"start":{"line":28,"column":4},"end":{"line":28,"column":33}},"41":{"start":{"line":30,"column":4},"end":{"line":30,"column":18}},"42":{"start":{"line":32,"column":2},"end":{"line":35,"column":5}},"43":{"start":{"line":33,"column":13},"end":{"line":33,"column":31}},"44":{"start":{"line":34,"column":4},"end":{"line":34,"column":77}},"45":{"start":{"line":38,"column":22},"end":{"line":38,"column":70}},"46":{"start":{"line":39,"column":2},"end":{"line":39,"column":103}},"47":{"start":{"line":39,"column":59},"end":{"line":39,"column":100}},"48":{"start":{"line":40,"column":2},"end":{"line":44,"column":5}},"49":{"start":{"line":41,"column":13},"end":{"line":41,"column":31}},"50":{"start":{"line":42,"column":14},"end":{"line":42,"column":73}},"51":{"start":{"line":42,"column":52},"end":{"line":42,"column":71}},"52":{"start":{"line":43,"column":4},"end":{"line":43,"column":66}},"53":{"start":{"line":45,"column":2},"end":{"line":75,"column":5}},"54":{"start":{"line":46,"column":15},"end":{"line":52,"column":59}},"55":{"start":{"line":54,"column":18},"end":{"line":54,"column":23}},"56":{"start":{"line":55,"column":13},"end":{"line":55,"column":32}},"57":{"start":{"line":56,"column":14},"end":{"line":56,"column":73}},"58":{"start":{"line":56,"column":52},"end":{"line":56,"column":71}},"59":{"start":{"line":58,"column":4},"end":{"line":68,"column":5}},"60":{"start":{"line":59,"column":6},"end":{"line":63,"column":7}},"61":{"start":{"line":60,"column":8},"end":{"line":60,"column":50}},"62":{"start":{"line":61,"column":8},"end":{"line":61,"column":34}},"63":{"start":{"line":62,"column":8},"end":{"line":62,"column":23}},"64":{"start":{"line":65,"column":6},"end":{"line":65,"column":85}},"65":{"start":{"line":66,"column":6},"end":{"line":66,"column":31}},"66":{"start":{"line":67,"column":6},"end":{"line":67,"column":21}},"67":{"start":{"line":70,"column":4},"end":{"line":72,"column":5}},"68":{"start":{"line":71,"column":6},"end":{"line":71,"column":77}},"69":{"start":{"line":71,"column":38},"end":{"line":71,"column":74}},"70":{"start":{"line":74,"column":4},"end":{"line":74,"column":54}},"71":{"start":{"line":76,"column":2},"end":{"line":94,"column":5}},"72":{"start":{"line":77,"column":18},"end":{"line":77,"column":22}},"73":{"start":{"line":78,"column":13},"end":{"line":78,"column":31}},"74":{"start":{"line":79,"column":14},"end":{"line":79,"column":73}},"75":{"start":{"line":79,"column":52},"end":{"line":79,"column":71}},"76":{"start":{"line":81,"column":4},"end":{"line":83,"column":5}},"77":{"start":{"line":82,"column":6},"end":{"line":82,"column":72}},"78":{"start":{"line":82,"column":38},"end":{"line":82,"column":69}},"79":{"start":{"line":85,"column":4},"end":{"line":91,"column":5}},"80":{"start":{"line":86,"column":6},"end":{"line":86,"column":22}},"81":{"start":{"line":87,"column":6},"end":{"line":90,"column":7}},"82":{"start":{"line":88,"column":8},"end":{"line":88,"column":37}},"83":{"start":{"line":89,"column":8},"end":{"line":89,"column":23}},"84":{"start":{"line":93,"column":4},"end":{"line":93,"column":63}},"85":{"start":{"line":97,"column":2},"end":{"line":97,"column":114}},"86":{"start":{"line":97,"column":84},"end":{"line":97,"column":111}},"87":{"start":{"line":98,"column":2},"end":{"line":100,"column":5}},"88":{"start":{"line":99,"column":4},"end":{"line":99,"column":45}},"89":{"start":{"line":103,"column":23},"end":{"line":103,"column":25}},"90":{"start":{"line":104,"column":2},"end":{"line":118,"column":5}},"91":{"start":{"line":105,"column":13},"end":{"line":105,"column":31}},"92":{"start":{"line":106,"column":14},"end":{"line":106,"column":74}},"93":{"start":{"line":106,"column":53},"end":{"line":106,"column":72}},"94":{"start":{"line":108,"column":4},"end":{"line":116,"column":5}},"95":{"start":{"line":109,"column":6},"end":{"line":111,"column":7}},"96":{"start":{"line":110,"column":8},"end":{"line":110,"column":56}},"97":{"start":{"line":113,"column":6},"end":{"line":115,"column":7}},"98":{"start":{"line":114,"column":8},"end":{"line":114,"column":38}},"99":{"start":{"line":117,"column":4},"end":{"line":117,"column":49}},"100":{"start":{"line":119,"column":2},"end":{"line":119,"column":113}},"101":{"start":{"line":119,"column":70},"end":{"line":119,"column":110}},"102":{"start":{"line":122,"column":19},"end":{"line":122,"column":47}},"103":{"start":{"line":123,"column":18},"end":{"line":140,"column":3}},"104":{"start":{"line":124,"column":22},"end":{"line":124,"column":112}},"105":{"start":{"line":124,"column":66},"end":{"line":124,"column":107}},"106":{"start":{"line":125,"column":4},"end":{"line":125,"column":54}},"107":{"start":{"line":127,"column":19},"end":{"line":127,"column":20}},"108":{"start":{"line":128,"column":4},"end":{"line":128,"column":119}},"109":{"start":{"line":128,"column":66},"end":{"line":128,"column":106}},"110":{"start":{"line":129,"column":4},"end":{"line":129,"column":119}},"111":{"start":{"line":129,"column":66},"end":{"line":129,"column":106}},"112":{"start":{"line":131,"column":15},"end":{"line":131,"column":16}},"113":{"start":{"line":132,"column":4},"end":{"line":132,"column":111}},"114":{"start":{"line":132,"column":62},"end":{"line":132,"column":102}},"115":{"start":{"line":133,"column":4},"end":{"line":133,"column":111}},"116":{"start":{"line":133,"column":62},"end":{"line":133,"column":102}},"117":{"start":{"line":135,"column":4},"end":{"line":135,"column":89}},"118":{"start":{"line":135,"column":65},"end":{"line":135,"column":83}},"119":{"start":{"line":136,"column":4},"end":{"line":136,"column":88}},"120":{"start":{"line":136,"column":69},"end":{"line":136,"column":82}},"121":{"start":{"line":137,"column":4},"end":{"line":137,"column":103}},"122":{"start":{"line":137,"column":68},"end":{"line":137,"column":97}},"123":{"start":{"line":138,"column":4},"end":{"line":138,"column":35}},"124":{"start":{"line":139,"column":4},"end":{"line":139,"column":59}},"125":{"start":{"line":141,"column":2},"end":{"line":141,"column":103}},"126":{"start":{"line":141,"column":62},"end":{"line":141,"column":100}},"127":{"start":{"line":142,"column":2},"end":{"line":172,"column":5}},"128":{"start":{"line":143,"column":17},"end":{"line":143,"column":25}},"129":{"start":{"line":144,"column":13},"end":{"line":144,"column":31}},"130":{"start":{"line":145,"column":14},"end":{"line":145,"column":79}},"131":{"start":{"line":145,"column":58},"end":{"line":145,"column":77}},"132":{"start":{"line":147,"column":4},"end":{"line":167,"column":15}},"133":{"start":{"line":149,"column":8},"end":{"line":156,"column":9}},"134":{"start":{"line":150,"column":10},"end":{"line":150,"column":64}},"135":{"start":{"line":151,"column":10},"end":{"line":153,"column":11}},"136":{"start":{"line":152,"column":12},"end":{"line":152,"column":47}},"137":{"start":{"line":155,"column":10},"end":{"line":155,"column":85}},"138":{"start":{"line":157,"column":8},"end":{"line":157,"column":14}},"139":{"start":{"line":159,"column":8},"end":{"line":161,"column":9}},"140":{"start":{"line":160,"column":10},"end":{"line":160,"column":63}},"141":{"start":{"line":162,"column":8},"end":{"line":162,"column":14}},"142":{"start":{"line":164,"column":8},"end":{"line":166,"column":9}},"143":{"start":{"line":165,"column":10},"end":{"line":165,"column":45}},"144":{"start":{"line":167,"column":8},"end":{"line":167,"column":14}},"145":{"start":{"line":170,"column":4},"end":{"line":170,"column":16}},"146":{"start":{"line":171,"column":4},"end":{"line":171,"column":42}},"147":{"start":{"line":173,"column":2},"end":{"line":173,"column":99}},"148":{"start":{"line":173,"column":66},"end":{"line":173,"column":96}},"149":{"start":{"line":176,"column":2},"end":{"line":176,"column":81}},"150":{"start":{"line":176,"column":58},"end":{"line":176,"column":78}},"151":{"start":{"line":177,"column":2},"end":{"line":177,"column":107}},"152":{"start":{"line":177,"column":62},"end":{"line":177,"column":104}},"153":{"start":{"line":180,"column":2},"end":{"line":180,"column":78}},"154":{"start":{"line":180,"column":55},"end":{"line":180,"column":75}},"155":{"start":{"line":181,"column":2},"end":{"line":181,"column":104}},"156":{"start":{"line":181,"column":59},"end":{"line":181,"column":101}},"157":{"start":{"line":183,"column":15},"end":{"line":197,"column":1}},"158":{"start":{"line":184,"column":13},"end":{"line":184,"column":36}},"159":{"start":{"line":185,"column":14},"end":{"line":185,"column":61}},"160":{"start":{"line":186,"column":2},"end":{"line":194,"column":36}},"161":{"start":{"line":198,"column":18},"end":{"line":210,"column":1}},"162":{"start":{"line":199,"column":2},"end":{"line":209,"column":4}},"163":{"start":{"line":199,"column":33},"end":{"line":199,"column":168}},"164":{"start":{"line":199,"column":136},"end":{"line":199,"column":167}},"165":{"start":{"line":200,"column":16},"end":{"line":200,"column":32}},"166":{"start":{"line":201,"column":4},"end":{"line":207,"column":5}},"167":{"start":{"line":202,"column":6},"end":{"line":206,"column":9}},"168":{"start":{"line":203,"column":21},"end":{"line":203,"column":49}},"169":{"start":{"line":205,"column":8},"end":{"line":205,"column":24}},"170":{"start":{"line":208,"column":4},"end":{"line":208,"column":63}},"171":{"start":{"line":212,"column":19},"end":{"line":223,"column":1}},"172":{"start":{"line":213,"column":2},"end":{"line":213,"column":50}},"173":{"start":{"line":213,"column":40},"end":{"line":213,"column":50}},"174":{"start":{"line":215,"column":2},"end":{"line":215,"column":45}},"175":{"start":{"line":216,"column":2},"end":{"line":216,"column":47}},"176":{"start":{"line":218,"column":14},"end":{"line":218,"column":31}},"177":{"start":{"line":219,"column":14},"end":{"line":219,"column":22}},"178":{"start":{"line":220,"column":17},"end":{"line":220,"column":57}},"179":{"start":{"line":222,"column":2},"end":{"line":222,"column":71}},"180":{"start":{"line":224,"column":18},"end":{"line":224,"column":153}},"181":{"start":{"line":224,"column":69},"end":{"line":224,"column":152}},"182":{"start":{"line":226,"column":19},"end":{"line":228,"column":1}},"183":{"start":{"line":227,"column":2},"end":{"line":227,"column":94}},"184":{"start":{"line":229,"column":15},"end":{"line":231,"column":1}},"185":{"start":{"line":230,"column":2},"end":{"line":230,"column":95}}},"fnMap":{"0":{"name":"(anonymous_0)","decl":{"start":{"line":1,"column":278},"end":{"line":1,"column":279}},"loc":{"start":{"line":1,"column":296},"end":{"line":1,"column":492}},"line":1},"1":{"name":"_interopRequireDefault","decl":{"start":{"line":3,"column":38},"end":{"line":3,"column":60}},"loc":{"start":{"line":3,"column":66},"end":{"line":3,"column":122}},"line":3},"2":{"name":"_toConsumableArray","decl":{"start":{"line":3,"column":131},"end":{"line":3,"column":149}},"loc":{"start":{"line":3,"column":155},"end":{"line":3,"column":308}},"line":3},"3":{"name":"fakerApi","decl":{"start":{"line":13,"column":43},"end":{"line":13,"column":51}},"loc":{"start":{"line":13,"column":54},"end":{"line":182,"column":1}},"line":13},"4":{"name":"(anonymous_4)","decl":{"start":{"line":14,"column":43},"end":{"line":14,"column":44}},"loc":{"start":{"line":14,"column":55},"end":{"line":14,"column":84}},"line":14},"5":{"name":"(anonymous_5)","decl":{"start":{"line":15,"column":45},"end":{"line":15,"column":46}},"loc":{"start":{"line":15,"column":57},"end":{"line":15,"column":88}},"line":15},"6":{"name":"(anonymous_6)","decl":{"start":{"line":16,"column":47},"end":{"line":16,"column":48}},"loc":{"start":{"line":16,"column":59},"end":{"line":16,"column":92}},"line":16},"7":{"name":"(anonymous_7)","decl":{"start":{"line":17,"column":49},"end":{"line":17,"column":50}},"loc":{"start":{"line":17,"column":61},"end":{"line":17,"column":96}},"line":17},"8":{"name":"(anonymous_8)","decl":{"start":{"line":18,"column":47},"end":{"line":18,"column":48}},"loc":{"start":{"line":18,"column":65},"end":{"line":18,"column":111}},"line":18},"9":{"name":"(anonymous_9)","decl":{"start":{"line":22,"column":25},"end":{"line":22,"column":26}},"loc":{"start":{"line":22,"column":38},"end":{"line":22,"column":66}},"line":22},"10":{"name":"(anonymous_10)","decl":{"start":{"line":23,"column":60},"end":{"line":23,"column":61}},"loc":{"start":{"line":23,"column":85},"end":{"line":31,"column":3}},"line":23},"11":{"name":"(anonymous_11)","decl":{"start":{"line":27,"column":53},"end":{"line":27,"column":54}},"loc":{"start":{"line":27,"column":66},"end":{"line":27,"column":87}},"line":27},"12":{"name":"(anonymous_12)","decl":{"start":{"line":32,"column":54},"end":{"line":32,"column":55}},"loc":{"start":{"line":32,"column":79},"end":{"line":35,"column":3}},"line":32},"13":{"name":"(anonymous_13)","decl":{"start":{"line":39,"column":46},"end":{"line":39,"column":47}},"loc":{"start":{"line":39,"column":58},"end":{"line":39,"column":101}},"line":39},"14":{"name":"(anonymous_14)","decl":{"start":{"line":40,"column":53},"end":{"line":40,"column":54}},"loc":{"start":{"line":40,"column":78},"end":{"line":44,"column":3}},"line":40},"15":{"name":"(anonymous_15)","decl":{"start":{"line":42,"column":38},"end":{"line":42,"column":39}},"loc":{"start":{"line":42,"column":51},"end":{"line":42,"column":72}},"line":42},"16":{"name":"(anonymous_16)","decl":{"start":{"line":45,"column":48},"end":{"line":45,"column":49}},"loc":{"start":{"line":45,"column":66},"end":{"line":75,"column":3}},"line":45},"17":{"name":"(anonymous_17)","decl":{"start":{"line":56,"column":38},"end":{"line":56,"column":39}},"loc":{"start":{"line":56,"column":51},"end":{"line":56,"column":72}},"line":56},"18":{"name":"(anonymous_18)","decl":{"start":{"line":71,"column":24},"end":{"line":71,"column":25}},"loc":{"start":{"line":71,"column":37},"end":{"line":71,"column":75}},"line":71},"19":{"name":"(anonymous_19)","decl":{"start":{"line":76,"column":73},"end":{"line":76,"column":74}},"loc":{"start":{"line":76,"column":98},"end":{"line":94,"column":3}},"line":76},"20":{"name":"(anonymous_20)","decl":{"start":{"line":79,"column":38},"end":{"line":79,"column":39}},"loc":{"start":{"line":79,"column":51},"end":{"line":79,"column":72}},"line":79},"21":{"name":"(anonymous_21)","decl":{"start":{"line":82,"column":24},"end":{"line":82,"column":25}},"loc":{"start":{"line":82,"column":37},"end":{"line":82,"column":70}},"line":82},"22":{"name":"(anonymous_22)","decl":{"start":{"line":97,"column":71},"end":{"line":97,"column":72}},"loc":{"start":{"line":97,"column":83},"end":{"line":97,"column":112}},"line":97},"23":{"name":"(anonymous_23)","decl":{"start":{"line":98,"column":46},"end":{"line":98,"column":47}},"loc":{"start":{"line":98,"column":58},"end":{"line":100,"column":3}},"line":98},"24":{"name":"(anonymous_24)","decl":{"start":{"line":104,"column":68},"end":{"line":104,"column":69}},"loc":{"start":{"line":104,"column":93},"end":{"line":118,"column":3}},"line":104},"25":{"name":"(anonymous_25)","decl":{"start":{"line":106,"column":39},"end":{"line":106,"column":40}},"loc":{"start":{"line":106,"column":52},"end":{"line":106,"column":73}},"line":106},"26":{"name":"(anonymous_26)","decl":{"start":{"line":119,"column":51},"end":{"line":119,"column":52}},"loc":{"start":{"line":119,"column":69},"end":{"line":119,"column":111}},"line":119},"27":{"name":"cartApply","decl":{"start":{"line":123,"column":27},"end":{"line":123,"column":36}},"loc":{"start":{"line":123,"column":39},"end":{"line":140,"column":3}},"line":123},"28":{"name":"(anonymous_28)","decl":{"start":{"line":124,"column":49},"end":{"line":124,"column":50}},"loc":{"start":{"line":124,"column":65},"end":{"line":124,"column":108}},"line":124},"29":{"name":"(anonymous_29)","decl":{"start":{"line":128,"column":49},"end":{"line":128,"column":50}},"loc":{"start":{"line":128,"column":65},"end":{"line":128,"column":107}},"line":128},"30":{"name":"(anonymous_30)","decl":{"start":{"line":129,"column":49},"end":{"line":129,"column":50}},"loc":{"start":{"line":129,"column":65},"end":{"line":129,"column":107}},"line":129},"31":{"name":"(anonymous_31)","decl":{"start":{"line":132,"column":45},"end":{"line":132,"column":46}},"loc":{"start":{"line":132,"column":61},"end":{"line":132,"column":103}},"line":132},"32":{"name":"(anonymous_32)","decl":{"start":{"line":133,"column":45},"end":{"line":133,"column":46}},"loc":{"start":{"line":133,"column":61},"end":{"line":133,"column":103}},"line":133},"33":{"name":"(anonymous_33)","decl":{"start":{"line":135,"column":48},"end":{"line":135,"column":49}},"loc":{"start":{"line":135,"column":64},"end":{"line":135,"column":84}},"line":135},"34":{"name":"(anonymous_34)","decl":{"start":{"line":136,"column":55},"end":{"line":136,"column":56}},"loc":{"start":{"line":136,"column":68},"end":{"line":136,"column":83}},"line":136},"35":{"name":"(anonymous_35)","decl":{"start":{"line":137,"column":51},"end":{"line":137,"column":52}},"loc":{"start":{"line":137,"column":67},"end":{"line":137,"column":98}},"line":137},"36":{"name":"(anonymous_36)","decl":{"start":{"line":141,"column":49},"end":{"line":141,"column":50}},"loc":{"start":{"line":141,"column":61},"end":{"line":141,"column":101}},"line":141},"37":{"name":"(anonymous_37)","decl":{"start":{"line":142,"column":70},"end":{"line":142,"column":71}},"loc":{"start":{"line":142,"column":95},"end":{"line":172,"column":3}},"line":142},"38":{"name":"(anonymous_38)","decl":{"start":{"line":145,"column":44},"end":{"line":145,"column":45}},"loc":{"start":{"line":145,"column":57},"end":{"line":145,"column":78}},"line":145},"39":{"name":"(anonymous_39)","decl":{"start":{"line":173,"column":53},"end":{"line":173,"column":54}},"loc":{"start":{"line":173,"column":65},"end":{"line":173,"column":97}},"line":173},"40":{"name":"(anonymous_40)","decl":{"start":{"line":176,"column":45},"end":{"line":176,"column":46}},"loc":{"start":{"line":176,"column":57},"end":{"line":176,"column":79}},"line":176},"41":{"name":"(anonymous_41)","decl":{"start":{"line":177,"column":43},"end":{"line":177,"column":44}},"loc":{"start":{"line":177,"column":61},"end":{"line":177,"column":105}},"line":177},"42":{"name":"(anonymous_42)","decl":{"start":{"line":180,"column":42},"end":{"line":180,"column":43}},"loc":{"start":{"line":180,"column":54},"end":{"line":180,"column":76}},"line":180},"43":{"name":"(anonymous_43)","decl":{"start":{"line":181,"column":40},"end":{"line":181,"column":41}},"loc":{"start":{"line":181,"column":58},"end":{"line":181,"column":102}},"line":181},"44":{"name":"paginate","decl":{"start":{"line":183,"column":43},"end":{"line":183,"column":51}},"loc":{"start":{"line":183,"column":66},"end":{"line":197,"column":1}},"line":183},"45":{"name":"makeMoockup","decl":{"start":{"line":198,"column":49},"end":{"line":198,"column":60}},"loc":{"start":{"line":198,"column":93},"end":{"line":210,"column":1}},"line":198},"46":{"name":"(anonymous_46)","decl":{"start":{"line":199,"column":9},"end":{"line":199,"column":10}},"loc":{"start":{"line":199,"column":32},"end":{"line":209,"column":3}},"line":199},"47":{"name":"(anonymous_47)","decl":{"start":{"line":202,"column":25},"end":{"line":202,"column":26}},"loc":{"start":{"line":202,"column":44},"end":{"line":206,"column":7}},"line":202},"48":{"name":"numberFormat","decl":{"start":{"line":212,"column":51},"end":{"line":212,"column":63}},"loc":{"start":{"line":212,"column":89},"end":{"line":223,"column":1}},"line":212},"49":{"name":"priceToText","decl":{"start":{"line":224,"column":49},"end":{"line":224,"column":60}},"loc":{"start":{"line":224,"column":68},"end":{"line":224,"column":153}},"line":224},"50":{"name":"parseVndcase","decl":{"start":{"line":226,"column":51},"end":{"line":226,"column":63}},"loc":{"start":{"line":226,"column":82},"end":{"line":228,"column":1}},"line":226},"51":{"name":"parseVnd","decl":{"start":{"line":229,"column":43},"end":{"line":229,"column":51}},"loc":{"start":{"line":229,"column":59},"end":{"line":231,"column":1}},"line":229}},"branchMap":{"0":{"loc":{"start":{"line":1,"column":261},"end":{"line":1,"column":492}},"type":"binary-expr","locations":[{"start":{"line":1,"column":261},"end":{"line":1,"column":274}},{"start":{"line":1,"column":278},"end":{"line":1,"column":492}}],"line":1},"1":{"loc":{"start":{"line":1,"column":392},"end":{"line":1,"column":475}},"type":"if","locations":[{"start":{"line":1,"column":392},"end":{"line":1,"column":475}},{"start":{"line":1,"column":392},"end":{"line":1,"column":475}}],"line":1},"2":{"loc":{"start":{"line":3,"column":74},"end":{"line":3,"column":120}},"type":"cond-expr","locations":[{"start":{"line":3,"column":98},"end":{"line":3,"column":101}},{"start":{"line":3,"column":104},"end":{"line":3,"column":120}}],"line":3},"3":{"loc":{"start":{"line":3,"column":74},"end":{"line":3,"column":95}},"type":"binary-expr","locations":[{"start":{"line":3,"column":74},"end":{"line":3,"column":77}},{"start":{"line":3,"column":81},"end":{"line":3,"column":95}}],"line":3},"4":{"loc":{"start":{"line":3,"column":156},"end":{"line":3,"column":307}},"type":"if","locations":[{"start":{"line":3,"column":156},"end":{"line":3,"column":307}},{"start":{"line":3,"column":156},"end":{"line":3,"column":307}}],"line":3},"5":{"loc":{"start":{"line":27,"column":27},"end":{"line":27,"column":94}},"type":"binary-expr","locations":[{"start":{"line":27,"column":27},"end":{"line":27,"column":88}},{"start":{"line":27,"column":92},"end":{"line":27,"column":94}}],"line":27},"6":{"loc":{"start":{"line":43,"column":27},"end":{"line":43,"column":61}},"type":"cond-expr","locations":[{"start":{"line":43,"column":38},"end":{"line":43,"column":56}},{"start":{"line":43,"column":59},"end":{"line":43,"column":61}}],"line":43},"7":{"loc":{"start":{"line":58,"column":4},"end":{"line":68,"column":5}},"type":"if","locations":[{"start":{"line":58,"column":4},"end":{"line":68,"column":5}},{"start":{"line":58,"column":4},"end":{"line":68,"column":5}}],"line":58},"8":{"loc":{"start":{"line":59,"column":6},"end":{"line":63,"column":7}},"type":"if","locations":[{"start":{"line":59,"column":6},"end":{"line":63,"column":7}},{"start":{"line":59,"column":6},"end":{"line":63,"column":7}}],"line":59},"9":{"loc":{"start":{"line":70,"column":4},"end":{"line":72,"column":5}},"type":"if","locations":[{"start":{"line":70,"column":4},"end":{"line":72,"column":5}},{"start":{"line":70,"column":4},"end":{"line":72,"column":5}}],"line":70},"10":{"loc":{"start":{"line":81,"column":4},"end":{"line":83,"column":5}},"type":"if","locations":[{"start":{"line":81,"column":4},"end":{"line":83,"column":5}},{"start":{"line":81,"column":4},"end":{"line":83,"column":5}}],"line":81},"11":{"loc":{"start":{"line":85,"column":4},"end":{"line":91,"column":5}},"type":"if","locations":[{"start":{"line":85,"column":4},"end":{"line":91,"column":5}},{"start":{"line":85,"column":4},"end":{"line":91,"column":5}}],"line":85},"12":{"loc":{"start":{"line":87,"column":6},"end":{"line":90,"column":7}},"type":"if","locations":[{"start":{"line":87,"column":6},"end":{"line":90,"column":7}},{"start":{"line":87,"column":6},"end":{"line":90,"column":7}}],"line":87},"13":{"loc":{"start":{"line":108,"column":4},"end":{"line":116,"column":5}},"type":"if","locations":[{"start":{"line":108,"column":4},"end":{"line":116,"column":5}},{"start":{"line":108,"column":4},"end":{"line":116,"column":5}}],"line":108},"14":{"loc":{"start":{"line":109,"column":6},"end":{"line":111,"column":7}},"type":"if","locations":[{"start":{"line":109,"column":6},"end":{"line":111,"column":7}},{"start":{"line":109,"column":6},"end":{"line":111,"column":7}}],"line":109},"15":{"loc":{"start":{"line":113,"column":6},"end":{"line":115,"column":7}},"type":"if","locations":[{"start":{"line":113,"column":6},"end":{"line":115,"column":7}},{"start":{"line":113,"column":6},"end":{"line":115,"column":7}}],"line":113},"16":{"loc":{"start":{"line":128,"column":78},"end":{"line":128,"column":104}},"type":"cond-expr","locations":[{"start":{"line":128,"column":93},"end":{"line":128,"column":100}},{"start":{"line":128,"column":103},"end":{"line":128,"column":104}}],"line":128},"17":{"loc":{"start":{"line":129,"column":78},"end":{"line":129,"column":104}},"type":"cond-expr","locations":[{"start":{"line":129,"column":93},"end":{"line":129,"column":100}},{"start":{"line":129,"column":103},"end":{"line":129,"column":104}}],"line":129},"18":{"loc":{"start":{"line":132,"column":74},"end":{"line":132,"column":100}},"type":"cond-expr","locations":[{"start":{"line":132,"column":89},"end":{"line":132,"column":96}},{"start":{"line":132,"column":99},"end":{"line":132,"column":100}}],"line":132},"19":{"loc":{"start":{"line":133,"column":74},"end":{"line":133,"column":100}},"type":"cond-expr","locations":[{"start":{"line":133,"column":89},"end":{"line":133,"column":96}},{"start":{"line":133,"column":99},"end":{"line":133,"column":100}}],"line":133},"20":{"loc":{"start":{"line":147,"column":4},"end":{"line":167,"column":15}},"type":"switch","locations":[{"start":{"line":148,"column":6},"end":{"line":157,"column":14}},{"start":{"line":158,"column":6},"end":{"line":162,"column":14}},{"start":{"line":163,"column":6},"end":{"line":167,"column":14}}],"line":147},"21":{"loc":{"start":{"line":149,"column":8},"end":{"line":156,"column":9}},"type":"if","locations":[{"start":{"line":149,"column":8},"end":{"line":156,"column":9}},{"start":{"line":149,"column":8},"end":{"line":156,"column":9}}],"line":149},"22":{"loc":{"start":{"line":151,"column":10},"end":{"line":153,"column":11}},"type":"if","locations":[{"start":{"line":151,"column":10},"end":{"line":153,"column":11}},{"start":{"line":151,"column":10},"end":{"line":153,"column":11}}],"line":151},"23":{"loc":{"start":{"line":159,"column":8},"end":{"line":161,"column":9}},"type":"if","locations":[{"start":{"line":159,"column":8},"end":{"line":161,"column":9}},{"start":{"line":159,"column":8},"end":{"line":161,"column":9}}],"line":159},"24":{"loc":{"start":{"line":164,"column":8},"end":{"line":166,"column":9}},"type":"if","locations":[{"start":{"line":164,"column":8},"end":{"line":166,"column":9}},{"start":{"line":164,"column":8},"end":{"line":166,"column":9}}],"line":164},"25":{"loc":{"start":{"line":184,"column":13},"end":{"line":184,"column":36}},"type":"binary-expr","locations":[{"start":{"line":184,"column":13},"end":{"line":184,"column":31}},{"start":{"line":184,"column":35},"end":{"line":184,"column":36}}],"line":184},"26":{"loc":{"start":{"line":201,"column":4},"end":{"line":207,"column":5}},"type":"if","locations":[{"start":{"line":201,"column":4},"end":{"line":207,"column":5}},{"start":{"line":201,"column":4},"end":{"line":207,"column":5}}],"line":201},"27":{"loc":{"start":{"line":213,"column":2},"end":{"line":213,"column":50}},"type":"if","locations":[{"start":{"line":213,"column":2},"end":{"line":213,"column":50}},{"start":{"line":213,"column":2},"end":{"line":213,"column":50}}],"line":213},"28":{"loc":{"start":{"line":213,"column":6},"end":{"line":213,"column":38}},"type":"binary-expr","locations":[{"start":{"line":213,"column":6},"end":{"line":213,"column":19}},{"start":{"line":213,"column":23},"end":{"line":213,"column":38}}],"line":213},"29":{"loc":{"start":{"line":216,"column":9},"end":{"line":216,"column":46}},"type":"cond-expr","locations":[{"start":{"line":216,"column":36},"end":{"line":216,"column":40}},{"start":{"line":216,"column":43},"end":{"line":216,"column":46}}],"line":216},"30":{"loc":{"start":{"line":220,"column":17},"end":{"line":220,"column":57}},"type":"cond-expr","locations":[{"start":{"line":220,"column":28},"end":{"line":220,"column":52}},{"start":{"line":220,"column":55},"end":{"line":220,"column":57}}],"line":220},"31":{"loc":{"start":{"line":220,"column":29},"end":{"line":220,"column":40}},"type":"binary-expr","locations":[{"start":{"line":220,"column":29},"end":{"line":220,"column":33}},{"start":{"line":220,"column":37},"end":{"line":220,"column":40}}],"line":220},"32":{"loc":{"start":{"line":224,"column":76},"end":{"line":224,"column":151}},"type":"cond-expr","locations":[{"start":{"line":224,"column":100},"end":{"line":224,"column":126}},{"start":{"line":224,"column":129},"end":{"line":224,"column":151}}],"line":224},"33":{"loc":{"start":{"line":227,"column":9},"end":{"line":227,"column":93}},"type":"cond-expr","locations":[{"start":{"line":227,"column":23},"end":{"line":227,"column":27}},{"start":{"line":227,"column":30},"end":{"line":227,"column":93}}],"line":227},"34":{"loc":{"start":{"line":230,"column":9},"end":{"line":230,"column":94}},"type":"cond-expr","locations":[{"start":{"line":230,"column":21},"end":{"line":230,"column":89}},{"start":{"line":230,"column":92},"end":{"line":230,"column":94}}],"line":230},"35":{"loc":{"start":{"line
[...]
,"D:\\projects\\grabphim\\grabphim-mobile\\src\\store\\helpers\\index.js": {"path":"D:\\projects\\grabphim\\grabphim-mobile\\src\\store\\helpers\\index.js","statementMap":{"0":{"start":{"line":1,"column":13},"end":{"line":1,"column":75}},"1":{"start":{"line":1,"column":93},"end":{"line":1,"column":116}},"2":{"start":{"line":1,"column":117},"end":{"line":1,"column":329}},"3":{"start":{"line":1,"column":166},"end":{"line":1,"column":220}},"4":{"start":{"line":1,"column":213},"end":{"line":1,"column":220}},"5":{"start":{"line":1,"column":220},"end":{"line":1,"column":326}},"6":{"start":{"line":1,"column":297},"end":{"line":1,"column":321}},"7":{"start":{"line":1,"column":349},"end":{"line":1,"column":374}},"8":{"start":{"line":2,"column":0},"end":{"line":2,"column":216}},"9":{"start":{"line":2,"column":51},"end":{"line":2,"column":105}},"10":{"start":{"line":2,"column":98},"end":{"line":2,"column":105}},"11":{"start":{"line":2,"column":105},"end":{"line":2,"column":213}},"12":{"start":{"line":2,"column":182},"end":{"line":2,"column":208}},"13":{"start":{"line":2,"column":236},"end":{"line":2,"column":261}},"14":{"start":{"line":3,"column":0},"end":{"line":3,"column":216}},"15":{"start":{"line":3,"column":51},"end":{"line":3,"column":105}},"16":{"start":{"line":3,"column":98},"end":{"line":3,"column":105}},"17":{"start":{"line":3,"column":105},"end":{"line":3,"column":213}},"18":{"start":{"line":3,"column":182},"end":{"line":3,"column":208}}},"fnMap":{"0":{"name":"(anonymous_0)","decl":{"start":{"line":1,"column":150},"end":{"line":1,"column":151}},"loc":{"start":{"line":1,"column":165},"end":{"line":1,"column":327}},"line":1},"1":{"name":"get","decl":{"start":{"line":1,"column":290},"end":{"line":1,"column":293}},"loc":{"start":{"line":1,"column":296},"end":{"line":1,"column":322}},"line":1},"2":{"name":"(anonymous_2)","decl":{"start":{"line":2,"column":35},"end":{"line":2,"column":36}},"loc":{"start":{"line":2,"column":50},"end":{"line":2,"column":214}},"line":2},"3":{"name":"get","decl":{"start":{"line":2,"column":175},"end":{"line":2,"column":178}},"loc":{"start":{"line":2,"column":181},"end":{"line":2,"column":209}},"line":2},"4":{"name":"(anonymous_4)","decl":{"start":{"line":3,"column":35},"end":{"line":3,"column":36}},"loc":{"start":{"line":3,"column":50},"end":{"line":3,"column":214}},"line":3},"5":{"name":"get","decl":{"start":{"line":3,"column":175},"end":{"line":3,"column":178}},"loc":{"start":{"line":3,"column":181},"end":{"line":3,"column":209}},"line":3}},"branchMap":{"0":{"loc":{"start":{"line":1,"column":166},"end":{"line":1,"column":220}},"type":"if","locations":[{"start":{"line":1,"column":166},"end":{"line":1,"column":220}},{"start":{"line":1,"column":166},"end":{"line":1,"column":220}}],"line":1},"1":{"loc":{"start":{"line":1,"column":170},"end":{"line":1,"column":211}},"type":"binary-expr","locations":[{"start":{"line":1,"column":170},"end":{"line":1,"column":187}},{"start":{"line":1,"column":191},"end":{"line":1,"column":211}}],"line":1},"2":{"loc":{"start":{"line":2,"column":51},"end":{"line":2,"column":105}},"type":"if","locations":[{"start":{"line":2,"column":51},"end":{"line":2,"column":105}},{"start":{"line":2,"column":51},"end":{"line":2,"column":105}}],"line":2},"3":{"loc":{"start":{"line":2,"column":55},"end":{"line":2,"column":96}},"type":"binary-expr","locations":[{"start":{"line":2,"column":55},"end":{"line":2,"column":72}},{"start":{"line":2,"column":76},"end":{"line":2,"column":96}}],"line":2},"4":{"loc":{"start":{"line":3,"column":51},"end":{"line":3,"column":105}},"type":"if","locations":[{"start":{"line":3,"column":51},"end":{"line":3,"column":105}},{"start":{"line":3,"column":51},"end":{"line":3,"column":105}}],"line":3},"5":{"loc":{"start":{"line":3,"column":55},"end":{"line":3,"column":96}},"type":"binary-expr","locations":[{"start":{"line":3,"column":55},"end":{"line":3,"column":72}},{"start":{"line":3,"column":76},"end":{"line":3,"column":96}}],"line":3}},"s":{"0":0,"1":0,"2":0,"3":0,"4":0,"5":0,"6":0,"7":0,"8":0,"9":0,"10":0,"11":0,"12":0,"13":0,"14":0,"15":0,"16":0,"17":0,"18":0},"f":{"0":0,"1":0,"2":0,"3":0,"4":0,"5":0},"b":{"0":[0,0],"1":[0,0],"2":[0,0],"3":[0,0],"4":[0,0],"5":[0,0]}}
,"D:\\projects\\grabphim\\grabphim-mobile\\src\\store\\helpers\\paginateMuta.js": {"path":"D:\\projects\\grabphim\\grabphim-mobile\\src\\store\\helpers\\paginateMuta.js","statementMap":{"0":{"start":{"line":1,"column":13},"end":{"line":1,"column":75}},"1":{"start":{"line":1,"column":90},"end":{"line":1,"column":321}},"2":{"start":{"line":1,"column":126},"end":{"line":1,"column":306}},"3":{"start":{"line":1,"column":183},"end":{"line":1,"column":195}},"4":{"start":{"line":1,"column":196},"end":{"line":1,"column":305}},"5":{"start":{"line":1,"column":221},"end":{"line":1,"column":304}},"6":{"start":{"line":1,"column":277},"end":{"line":1,"column":303}},"7":{"start":{"line":1,"column":306},"end":{"line":1,"column":320}},"8":{"start":{"line":1,"column":365},"end":{"line":1,"column":512}},"9":{"start":{"line":1,"column":382},"end":{"line":1,"column":486}},"10":{"start":{"line":1,"column":494},"end":{"line":1,"column":511}},"11":{"start":{"line":1,"column":512},"end":{"line":1,"column":523}},"12":{"start":{"line":1,"column":558},"end":{"line":1,"column":709}},"13":{"start":{"line":1,"column":583},"end":{"line":1,"column":665}},"14":{"start":{"line":1,"column":647},"end":{"line":1,"column":664}},"15":{"start":{"line":1,"column":665},"end":{"line":1,"column":677}},"16":{"start":{"line":1,"column":685},"end":{"line":1,"column":708}},"17":{"start":{"line":1,"column":729},"end":{"line":21,"column":1}},"18":{"start":{"line":1,"column":816},"end":{"line":1,"column":886}},"19":{"start":{"line":2,"column":2},"end":{"line":19,"column":9}},"20":{"start":{"line":3,"column":44},"end":{"line":3,"column":85}},"21":{"start":{"line":4,"column":45},"end":{"line":9,"column":69}},"22":{"start":{"line":11,"column":46},"end":{"line":16,"column":69}},"23":{"start":{"line":18,"column":42},"end":{"line":18,"column":78}}},"fnMap":{"0":{"name":"(anonymous_0)","decl":{"start":{"line":1,"column":107},"end":{"line":1,"column":108}},"loc":{"start":{"line":1,"column":125},"end":{"line":1,"column":321}},"line":1},"1":{"name":"_defineProperty","decl":{"start":{"line":1,"column":331},"end":{"line":1,"column":346}},"loc":{"start":{"line":1,"column":364},"end":{"line":1,"column":524}},"line":1},"2":{"name":"_toConsumableArray","decl":{"start":{"line":1,"column":533},"end":{"line":1,"column":551}},"loc":{"start":{"line":1,"column":557},"end":{"line":1,"column":710}},"line":1},"3":{"name":"paginateMuta","decl":{"start":{"line":1,"column":761},"end":{"line":1,"column":773}},"loc":{"start":{"line":1,"column":789},"end":{"line":21,"column":1}},"line":1},"4":{"name":"(anonymous_4)","decl":{"start":{"line":3,"column":14},"end":{"line":3,"column":15}},"loc":{"start":{"line":3,"column":43},"end":{"line":3,"column":86}},"line":3},"5":{"name":"(anonymous_5)","decl":{"start":{"line":4,"column":22},"end":{"line":4,"column":23}},"loc":{"start":{"line":4,"column":44},"end":{"line":9,"column":70}},"line":4},"6":{"name":"(anonymous_6)","decl":{"start":{"line":11,"column":23},"end":{"line":11,"column":24}},"loc":{"start":{"line":11,"column":45},"end":{"line":16,"column":70}},"line":11},"7":{"name":"(anonymous_7)","decl":{"start":{"line":18,"column":19},"end":{"line":18,"column":20}},"loc":{"start":{"line":18,"column":41},"end":{"line":18,"column":79}},"line":18}},"branchMap":{"0":{"loc":{"start":{"line":1,"column":90},"end":{"line":1,"column":321}},"type":"binary-expr","locations":[{"start":{"line":1,"column":90},"end":{"line":1,"column":103}},{"start":{"line":1,"column":107},"end":{"line":1,"column":321}}],"line":1},"1":{"loc":{"start":{"line":1,"column":221},"end":{"line":1,"column":304}},"type":"if","locations":[{"start":{"line":1,"column":221},"end":{"line":1,"column":304}},{"start":{"line":1,"column":221},"end":{"line":1,"column":304}}],"line":1},"2":{"loc":{"start":{"line":1,"column":365},"end":{"line":1,"column":512}},"type":"if","locations":[{"start":{"line":1,"column":365},"end":{"line":1,"column":512}},{"start":{"line":1,"column":365},"end":{"line":1,"column":512}}],"line":1},"3":{"loc":{"start":{"line":1,"column":558},"end":{"line":1,"column":709}},"type":"if","locations":[{"start":{"line":1,"column":558},"end":{"line":1,"column":709}},{"start":{"line":1,"column":558},"end":{"line":1,"column":709}}],"line":1},"4":{"loc":{"start":{"line":1,"column":816},"end":{"line":1,"column":886}},"type":"cond-expr","locations":[{"start":{"line":1,"column":869},"end":{"line":1,"column":881}},{"start":{"line":1,"column":884},"end":{"line":1,"column":886}}],"line":1},"5":{"loc":{"start":{"line":1,"column":816},"end":{"line":1,"column":866}},"type":"binary-expr","locations":[{"start":{"line":1,"column":816},"end":{"line":1,"column":836}},{"start":{"line":1,"column":840},"end":{"line":1,"column":866}}],"line":1}},"s":{"0":0,"1":0,"2":0,"3":0,"4":0,"5":0,"6":0,"7":0,"8":0,"9":0,"10":0,"11":0,"12":0,"13":0,"14":0,"15":0,"16":0,"17":0,"18":0,"19":0,"20":0,"21":0,"22":0,"23":0},"f":{"0":0,"1":0,"2":0,"3":0,"4":0,"5":0,"6":0,"7":0},"b":{"0":[0,0],"1":[0,0],"2":[0,0],"3":[0,0],"4":[0,0],"5":[0,0]}}
,"D:\\projects\\grabphim\\grabphim-mobile\\src\\store\\helpers\\simpleAction.js": {"path":"D:\\projects\\grabphim\\grabphim-mobile\\src\\store\\helpers\\simpleAction.js","statementMap":{"0":{"start":{"line":1,"column":13},"end":{"line":1,"column":75}},"1":{"start":{"line":1,"column":75},"end":{"line":1,"column":161}},"2":{"start":{"line":1,"column":176},"end":{"line":1,"column":200}},"3":{"start":{"line":1,"column":244},"end":{"line":1,"column":391}},"4":{"start":{"line":1,"column":261},"end":{"line":1,"column":365}},"5":{"start":{"line":1,"column":373},"end":{"line":1,"column":390}},"6":{"start":{"line":1,"column":391},"end":{"line":1,"column":402}},"7":{"start":{"line":3,"column":23},"end":{"line":18,"column":1}},"8":{"start":{"line":4,"column":2},"end":{"line":16,"column":5}},"9":{"start":{"line":5,"column":46},"end":{"line":5,"column":57}},"10":{"start":{"line":5,"column":66},"end":{"line":5,"column":76}},"11":{"start":{"line":6,"column":4},"end":{"line":6,"column":34}},"12":{"start":{"line":7,"column":4},"end":{"line":15,"column":7}},"13":{"start":{"line":9,"column":6},"end":{"line":9,"column":43}},"14":{"start":{"line":10,"column":6},"end":{"line":10,"column":17}},"15":{"start":{"line":13,"column":6},"end":{"line":13,"column":40}},"16":{"start":{"line":14,"column":6},"end":{"line":14,"column":17}},"17":{"start":{"line":19,"column":22},"end":{"line":34,"column":1}},"18":{"start":{"line":20,"column":2},"end":{"line":32,"column":5}},"19":{"start":{"line":21,"column":41},"end":{"line":21,"column":53}},"20":{"start":{"line":21,"column":62},"end":{"line":21,"column":73}},"21":{"start":{"line":21,"column":87},"end":{"line":21,"column":157}},"22":{"start":{"line":22,"column":4},"end":{"line":22,"column":34}},"23":{"start":{"line":23,"column":4},"end":{"line":31,"column":7}},"24":{"start":{"line":25,"column":6},"end":{"line":25,"column":43}},"25":{"start":{"line":26,"column":6},"end":{"line":26,"column":17}},"26":{"start":{"line":29,"column":6},"end":{"line":29,"column":40}},"27":{"start":{"line":30,"column":6},"end":{"line":30,"column":17}},"28":{"start":{"line":36,"column":19},"end":{"line":47,"column":1}},"29":{"start":{"line":36,"column":104},"end":{"line":36,"column":116}},"30":{"start":{"line":37,"column":2},"end":{"line":37,"column":27}},"31":{"start":{"line":38,"column":2},"end":{"line":46,"column":5}},"32":{"start":{"line":40,"column":4},"end":{"line":40,"column":67}},"33":{"start":{"line":41,"column":4},"end":{"line":41,"column":15}},"34":{"start":{"line":44,"column":4},"end":{"line":44,"column":33}},"35":{"start":{"line":45,"column":4},"end":{"line":45,"column":15}}},"fnMap":{"0":{"name":"_defineProperty","decl":{"start":{"line":1,"column":210},"end":{"line":1,"column":225}},"loc":{"start":{"line":1,"column":243},"end":{"line":1,"column":403}},"line":1},"1":{"name":"simpleActionPost","decl":{"start":{"line":3,"column":59},"end":{"line":3,"column":75}},"loc":{"start":{"line":3,"column":100},"end":{"line":18,"column":1}},"line":3},"2":{"name":"(anonymous_2)","decl":{"start":{"line":5,"column":10},"end":{"line":5,"column":11}},"loc":{"start":{"line":5,"column":32},"end":{"line":16,"column":3}},"line":5},"3":{"name":"(anonymous_3)","decl":{"start":{"line":8,"column":9},"end":{"line":8,"column":10}},"loc":{"start":{"line":8,"column":24},"end":{"line":11,"column":5}},"line":8},"4":{"name":"(anonymous_4)","decl":{"start":{"line":12,"column":10},"end":{"line":12,"column":11}},"loc":{"start":{"line":12,"column":25},"end":{"line":15,"column":5}},"line":12},"5":{"name":"simpleActionGet","decl":{"start":{"line":19,"column":57},"end":{"line":19,"column":72}},"loc":{"start":{"line":19,"column":97},"end":{"line":34,"column":1}},"line":19},"6":{"name":"(anonymous_6)","decl":{"start":{"line":21,"column":10},"end":{"line":21,"column":11}},"loc":{"start":{"line":21,"column":27},"end":{"line":32,"column":3}},"line":21},"7":{"name":"(anonymous_7)","decl":{"start":{"line":24,"column":9},"end":{"line":24,"column":10}},"loc":{"start":{"line":24,"column":24},"end":{"line":27,"column":5}},"line":24},"8":{"name":"(anonymous_8)","decl":{"start":{"line":28,"column":10},"end":{"line":28,"column":11}},"loc":{"start":{"line":28,"column":25},"end":{"line":31,"column":5}},"line":28},"9":{"name":"simpleAction","decl":{"start":{"line":36,"column":51},"end":{"line":36,"column":63}},"loc":{"start":{"line":36,"column":90},"end":{"line":47,"column":1}},"line":36},"10":{"name":"(anonymous_10)","decl":{"start":{"line":39,"column":7},"end":{"line":39,"column":8}},"loc":{"start":{"line":39,"column":22},"end":{"line":42,"column":3}},"line":39},"11":{"name":"(anonymous_11)","decl":{"start":{"line":43,"column":8},"end":{"line":43,"column":9}},"loc":{"start":{"line":43,"column":23},"end":{"line":46,"column":3}},"line":43}},"branchMap":{"0":{"loc":{"start":{"line":1,"column":244},"end":{"line":1,"column":391}},"type":"if","locations":[{"start":{"line":1,"column":244},"end":{"line":1,"column":391}},{"start":{"line":1,"column":244},"end":{"line":1,"column":391}}],"line":1},"1":{"loc":{"start":{"line":21,"column":87},"end":{"line":21,"column":157}},"type":"cond-expr","locations":[{"start":{"line":21,"column":140},"end":{"line":21,"column":152}},{"start":{"line":21,"column":155},"end":{"line":21,"column":157}}],"line":21},"2":{"loc":{"start":{"line":21,"column":87},"end":{"line":21,"column":137}},"type":"binary-expr","locations":[{"start":{"line":21,"column":87},"end":{"line":21,"column":107}},{"start":{"line":21,"column":111},"end":{"line":21,"column":137}}],"line":21},"3":{"loc":{"start":{"line":40,"column":11},"end":{"line":40,"column":60}},"type":"cond-expr","locations":[{"start":{"line":40,"column":20},"end":{"line":40,"column":39}},{"start":{"line":40,"column":42},"end":{"line":40,"column":60}}],"line":40}},"s":{"0":0,"1":0,"2":0,"3":0,"4":0,"5":0,"6":0,"7":0,"8":0,"9":0,"10":0,"11":0,"12":0,"13":0,"14":0,"15":0,"16":0,"17":0,"18":0,"19":0,"20":0,"21":0,"22":0,"23":0,"24":0,"25":0,"26":0,"27":0,"28":0,"29":0,"30":0,"31":0,"32":0,"33":0,"34":0,"35":0},"f":{"0":0,"1":0,"2":0,"3":0,"4":0,"5":0,"6":0,"7":0,"8":0,"9":0,"10":0,"11":0},"b":{"0":[0,0],"1":[0,0],"2":[0,0],"3":[0,0]}}
,"D:\\projects\\grabphim\\grabphim-mobile\\src\\store\\helpers\\simpleMuta.js": {"path":"D:\\projects\\grabphim\\grabphim-mobile\\src\\store\\helpers\\simpleMuta.js","statementMap":{"0":{"start":{"line":1,"column":13},"end":{"line":1,"column":75}},"1":{"start":{"line":1,"column":90},"end":{"line":1,"column":321}},"2":{"start":{"line":1,"column":126},"end":{"line":1,"column":306}},"3":{"start":{"line":1,"column":183},"end":{"line":1,"column":195}},"4":{"start":{"line":1,"column":196},"end":{"line":1,"column":305}},"5":{"start":{"line":1,"column":221},"end":{"line":1,"column":304}},"6":{"start":{"line":1,"column":277},"end":{"line":1,"column":303}},"7":{"start":{"line":1,"column":306},"end":{"line":1,"column":320}},"8":{"start":{"line":1,"column":365},"end":{"line":1,"column":512}},"9":{"start":{"line":1,"column":382},"end":{"line":1,"column":486}},"10":{"start":{"line":1,"column":494},"end":{"line":1,"column":511}},"11":{"start":{"line":1,"column":512},"end":{"line":1,"column":523}},"12":{"start":{"line":1,"column":541},"end":{"line":11,"column":1}},"13":{"start":{"line":1,"column":624},"end":{"line":1,"column":694}},"14":{"start":{"line":2,"column":2},"end":{"line":9,"column":9}},"15":{"start":{"line":3,"column":44},"end":{"line":3,"column":85}},"16":{"start":{"line":4,"column":45},"end":{"line":6,"column":23}},"17":{"start":{"line":8,"column":42},"end":{"line":8,"column":78}}},"fnMap":{"0":{"name":"(anonymous_0)","decl":{"start":{"line":1,"column":107},"end":{"line":1,"column":108}},"loc":{"start":{"line":1,"column":125},"end":{"line":1,"column":321}},"line":1},"1":{"name":"_defineProperty","decl":{"start":{"line":1,"column":331},"end":{"line":1,"column":346}},"loc":{"start":{"line":1,"column":364},"end":{"line":1,"column":524}},"line":1},"2":{"name":"simpleMuta","decl":{"start":{"line":1,"column":571},"end":{"line":1,"column":581}},"loc":{"start":{"line":1,"column":597},"end":{"line":11,"column":1}},"line":1},"3":{"name":"(anonymous_3)","decl":{"start":{"line":3,"column":14},"end":{"line":3,"column":15}},"loc":{"start":{"line":3,"column":43},"end":{"line":3,"column":86}},"line":3},"4":{"name":"(anonymous_4)","decl":{"start":{"line":4,"column":22},"end":{"line":4,"column":23}},"loc":{"start":{"line":4,"column":44},"end":{"line":6,"column":24}},"line":4},"5":{"name":"(anonymous_5)","decl":{"start":{"line":8,"column":19},"end":{"line":8,"column":20}},"loc":{"start":{"line":8,"column":41},"end":{"line":8,"column":79}},"line":8}},"branchMap":{"0":{"loc":{"start":{"line":1,"column":90},"end":{"line":1,"column":321}},"type":"binary-expr","locations":[{"start":{"line":1,"column":90},"end":{"line":1,"column":103}},{"start":{"line":1,"column":107},"end":{"line":1,"column":321}}],"line":1},"1":{"loc":{"start":{"line":1,"column":221},"end":{"line":1,"column":304}},"type":"if","locations":[{"start":{"line":1,"column":221},"end":{"line":1,"column":304}},{"start":{"line":1,"column":221},"end":{"line":1,"column":304}}],"line":1},"2":{"loc":{"start":{"line":1,"column":365},"end":{"line":1,"column":512}},"type":"if","locations":[{"start":{"line":1,"column":365},"end":{"line":1,"column":512}},{"start":{"line":1,"column":365},"end":{"line":1,"column":512}}],"line":1},"3":{"loc":{"start":{"line":1,"column":624},"end":{"line":1,"column":694}},"type":"cond-expr","locations":[{"start":{"line":1,"column":677},"end":{"line":1,"column":689}},{"start":{"line":1,"column":692},"end":{"line":1,"column":694}}],"line":1},"4":{"loc":{"start":{"line":1,"column":624},"end":{"line":1,"column":674}},"type":"binary-expr","locations":[{"start":{"line":1,"column":624},"end":{"line":1,"column":644}},{"start":{"line":1,"column":648},"end":{"line":1,"column":674}}],"line":1}},"s":{"0":0,"1":0,"2":0,"3":0,"4":0,"5":0,"6":0,"7":0,"8":0,"9":0,"10":0,"11":0,"12":0,"13":0,"14":0,"15":0,"16":0,"17":0},"f":{"0":0,"1":0,"2":0,"3":0,"4":0,"5":0},"b":{"0":[0,0],"1":[0,0],"2":[0,0],"3":[0,0],"4":[0,0]}}
}
